Log file open, 11/07/18 07:54:37
LogWindows: Failed to load 'aqProf.dll' (GetLastError=126)
LogWindows: File 'aqProf.dll' does not exist
LogWindows: Failed to load 'VSPerf140.dll' (GetLastError=126)
LogWindows: File 'VSPerf140.dll' does not exist
LogWindows: Failed to load 'VtuneApi.dll' (GetLastError=126)
LogWindows: File 'VtuneApi.dll' does not exist
LogWindows: Failed to load 'VtuneApi32e.dll' (GetLastError=126)
LogWindows: File 'VtuneApi32e.dll' does not exist
LogInit: Display: Running engine for game: HackAndSlashTD
LogPlatformFile: Not using cached read wrapper
LogTaskGraph: Started task graph with 5 named threads and 23 total threads with 3 sets of task threads.
LogStats: Stats thread started at 0.279464
LogD3D11RHI: Loaded GFSDK_Aftermath_Lib.x64.dll
LogICUInternationalization: Display: ICU TimeZone Detection - Raw Offset: -8:00, Platform Override: ''
LogPluginManager: Mounting plugin Paper2D
LogPluginManager: Mounting plugin AISupport
LogPluginManager: Mounting plugin LightPropagationVolume
LogPluginManager: Mounting plugin CLionSourceCodeAccess
LogPluginManager: Mounting plugin CodeLiteSourceCodeAccess
LogPluginManager: Mounting plugin GitSourceControl
LogPluginManager: Mounting plugin KDevelopSourceCodeAccess
LogPluginManager: Mounting plugin NullSourceCodeAccess
LogPluginManager: Mounting plugin PerforceSourceControl
LogPluginManager: Mounting plugin SubversionSourceControl
LogPluginManager: Mounting plugin UObjectPlugin
LogPluginManager: Mounting plugin VisualStudioCodeSourceCodeAccess
LogPluginManager: Mounting plugin VisualStudioSourceCodeAccess
LogPluginManager: Mounting plugin XCodeSourceCodeAccess
LogPluginManager: Mounting plugin AssetManagerEditor
LogPluginManager: Mounting plugin CryptoKeys
LogPluginManager: Mounting plugin DataValidation
LogPluginManager: Mounting plugin FacialAnimation
LogPluginManager: Mounting plugin GameplayTagsEditor
LogPluginManager: Mounting plugin MacGraphicsSwitching
LogPluginManager: Mounting plugin MeshEditor
LogPluginManager: Mounting plugin MobileLauncherProfileWizard
LogPluginManager: Mounting plugin PluginBrowser
LogPluginManager: Mounting plugin SpeedTreeImporter
LogPluginManager: Mounting plugin DatasmithContent
LogPluginManager: Mounting plugin AlembicImporter
LogPluginManager: Mounting plugin AppleImageUtils
LogPluginManager: Mounting plugin AppleVision
LogPluginManager: Mounting plugin BackChannel
LogPluginManager: Mounting plugin CharacterAI
LogPluginManager: Mounting plugin GeometryCache
LogPluginManager: Mounting plugin HTML5Networking
LogPluginManager: Mounting plugin ProxyLODPlugin
LogPluginManager: Mounting plugin MagicLeap
LogPluginManager: Mounting plugin MagicLeapEmulator
LogPluginManager: Mounting plugin MagicLeapMedia
LogPluginManager: Mounting plugin AndroidMedia
LogPluginManager: Mounting plugin AvfMedia
LogPluginManager: Mounting plugin ImgMedia
LogPluginManager: Mounting plugin LinearTimecode
LogPluginManager: Mounting plugin MediaCompositing
LogPluginManager: Mounting plugin MediaPlayerEditor
LogPluginManager: Mounting plugin WmfMedia
LogPluginManager: Mounting plugin TcpMessaging
LogPluginManager: Mounting plugin UdpMessaging
LogPluginManager: Mounting plugin ActorSequence
LogPluginManager: Mounting plugin LevelSequenceEditor
LogPluginManager: Mounting plugin MatineeToLevelSequence
LogPluginManager: Mounting plugin NetcodeUnitTest
LogPluginManager: Mounting plugin NUTUnrealEngine4
LogPluginManager: Mounting plugin OnlineSubsystemGooglePlay
LogPluginManager: Mounting plugin OnlineSubsystemIOS
LogPluginManager: Mounting plugin OnlineSubsystem
LogPluginManager: Mounting plugin OnlineSubsystemNull
LogPluginManager: Mounting plugin OnlineSubsystemUtils
LogPluginManager: Mounting plugin LauncherChunkInstaller
LogPluginManager: Mounting plugin AndroidDeviceProfileSelector
LogPluginManager: Mounting plugin AndroidMoviePlayer
LogPluginManager: Mounting plugin AndroidPermission
LogPluginManager: Mounting plugin AppleMoviePlayer
LogPluginManager: Mounting plugin ArchVisCharacter
LogPluginManager: Mounting plugin AudioCapture
LogPluginManager: Mounting plugin CableComponent
LogPluginManager: Mounting plugin CustomMeshComponent
LogPluginManager: Mounting plugin EditableMesh
LogPluginManager: Mounting plugin ExampleDeviceProfileSelector
LogPluginManager: Mounting plugin GoogleCloudMessaging
LogPluginManager: Mounting plugin ImmediatePhysics
LogPluginManager: Mounting plugin IOSDeviceProfileSelector
LogPluginManager: Mounting plugin LinuxDeviceProfileSelector
LogPluginManager: Mounting plugin LocationServicesBPLibrary
LogPluginManager: Mounting plugin MobilePatchingUtils
LogPluginManager: Mounting plugin OculusVR
LogPluginManager: Plugin shader directory ../../../Engine/Plugins/Runtime/Oculus/OculusVR/Shaders found
LogPluginManager: Mapping shader source directory ../../../Engine/Plugins/Runtime/Oculus/OculusVR/Shaders to virtual directory /Plugin/OculusVR
LogPluginManager: Mounting plugin PhysXVehicles
LogPluginManager: Mounting plugin ProceduralMeshComponent
LogPluginManager: Mounting plugin RuntimePhysXCooking
LogPluginManager: Mounting plugin SteamVR
LogPluginManager: Mounting plugin WindowsMoviePlayer
LogStreaming: Display: Took  0.085s to configure plugins.
LogInit: Using libcurl 7.55.1-DEV
LogInit:  - built for x86_64-pc-win32
LogInit:  - supports SSL with OpenSSL/1.0.2h
LogInit:  - supports HTTP deflate (compression) using libz 1.2.8
LogInit:  - other features:
LogInit:      CURL_VERSION_SSL
LogInit:      CURL_VERSION_LIBZ
LogInit:      CURL_VERSION_IPV6
LogInit:      CURL_VERSION_ASYNCHDNS
LogInit:      CURL_VERSION_LARGEFILE
LogInit:      CURL_VERSION_IDN
LogInit:  CurlRequestOptions (configurable via config and command line):
LogInit:  - bVerifyPeer = false  - Libcurl will NOT verify peer certificate
LogInit:  - bUseHttpProxy = false  - Libcurl will NOT use HTTP proxy
LogInit:  - bDontReuseConnections = false  - Libcurl will reuse connections
LogInit:  - CertBundlePath = nullptr  - Libcurl will use whatever was configured at build time.
LogInit:  - MaxHostConnections = 16  - Libcurl will limit the number of connections to a host
LogInit:  - LocalHostAddr = Default
LogInit:  - BufferSize = 65536
LogInit: WinSock: version 1.1 (2.2), MaxSocks=32767, MaxUdp=65467
LogInit: Build: ++UE4+Release-4.20-CL-4369336
LogInit: Engine Version: 4.20.3-4369336+++UE4+Release-4.20
LogInit: Compatible Engine Version: 4.20.0-4212847+++UE4+Release-4.20
LogInit: Net CL: 4212847
LogInit: OS: Windows 10 (), CPU: Intel(R) Core(TM) i7-4790 CPU @ 3.60GHz, GPU: NVIDIA GeForce GTX 760
LogInit: Compiled (64-bit): Sep 17 2018 12:26:19
LogInit: Compiled with Visual C++: 19.13.26129.00
LogInit: Build Configuration: Development
LogInit: Branch Name: ++UE4+Release-4.20
LogInit: Command Line: 
LogInit: Base Directory: C:/Program Files/Epic Games/UE_4.20/Engine/Binaries/Win64/
LogInit: Installed Engine Build: 1
LogDevObjectVersion: Number of dev versions registered: 20
LogDevObjectVersion:   Dev-Blueprints (B0D832E4-1F89-4F0D-ACCF-7EB736FD4AA2): 10
LogDevObjectVersion:   Dev-Build (E1C64328-A22C-4D53-A36C-8E866417BD8C): 0
LogDevObjectVersion:   Dev-Core (375EC13C-06E4-48FB-B500-84F0262A717E): 2
LogDevObjectVersion:   Dev-Editor (E4B068ED-F494-42E9-A231-DA0B2E46BB41): 24
LogDevObjectVersion:   Dev-Framework (CFFC743F-43B0-4480-9391-14DF171D2073): 34
LogDevObjectVersion:   Dev-Mobile (B02B49B5-BB20-44E9-A304-32B752E40360): 2
LogDevObjectVersion:   Dev-Networking (A4E4105C-59A1-49B5-A7C5-40C4547EDFEE): 0
LogDevObjectVersion:   Dev-Online (39C831C9-5AE6-47DC-9A44-9C173E1C8E7C): 0
LogDevObjectVersion:   Dev-Physics (78F01B33-EBEA-4F98-B9B4-84EACCB95AA2): 0
LogDevObjectVersion:   Dev-Platform (6631380F-2D4D-43E0-8009-CF276956A95A): 0
LogDevObjectVersion:   Dev-Rendering (12F88B9F-8875-4AFC-A67C-D90C383ABD29): 26
LogDevObjectVersion:   Dev-Sequencer (7B5AE74C-D270-4C10-A958-57980B212A5A): 9
LogDevObjectVersion:   Dev-VR (D7296918-1DD6-4BDD-9DE2-64A83CC13884): 2
LogDevObjectVersion:   Dev-LoadTimes (C2A15278-BFE7-4AFE-6C17-90FF531DF755): 1
LogDevObjectVersion:   Private-Geometry (6EACA3D4-40EC-4CC1-B786-8BED09428FC5): 3
LogDevObjectVersion:   Dev-AnimPhys (29E575DD-E0A3-4627-9D10-D276232CDCEA): 17
LogDevObjectVersion:   Dev-ReflectionCapture (6B266CEC-1EC7-4B8F-A30B-E4D90942FC07): 1
LogDevObjectVersion:   Dev-Automation (0DF73D61-A23F-47EA-B727-89E90C41499A): 1
LogDevObjectVersion:   FortniteMain (601D1886-AC64-4F84-AA16-D3DE0DEAC7D6): 12
LogDevObjectVersion:   Dev-Enterprise (9DFFBCD6-494F-0158-E221-12823C92A888): 1
LogStreaming: Display: Took  0.001s to delete old logs.
LogInit: Presizing for max 8388607 objects, including 0 objects not considered by GC, pre-allocating 0 bytes for permanent pool.
LogInit: Object subsystem initialized
[2018.11.07-15.54.37:826][  0]LogInit: Selected Device Profile: [Windows]
[2018.11.07-15.54.37:826][  0]LogInit: Applying CVar settings loaded from the selected device profile: [Windows]
[2018.11.07-15.54.37:841][  0]LogHAL: Display: Platform has ~ 8 GB [8448397312 / 8589934592 / 8], which maps to Default [LargestMinGB=32, LargerMinGB=12, DefaultMinGB=8, SmallerMinGB=6, SmallestMinGB=0)
[2018.11.07-15.54.37:841][  0]LogInit: Setting Device Profile CVar: [[r.Vulkan.UseRealUBs:1]]
[2018.11.07-15.54.37:841][  0]LogInit: Going up to parent DeviceProfile []
[2018.11.07-15.54.37:842][  0]LogInit: Computer: DESKTOP-84T0NRC
[2018.11.07-15.54.37:842][  0]LogInit: User: Calvert
[2018.11.07-15.54.37:842][  0]LogInit: CPU Page size=4096, Cores=4
[2018.11.07-15.54.37:842][  0]LogInit: High frequency timer resolution =3.515628 MHz
[2018.11.07-15.54.37:842][  0]LogMemory: Memory total: Physical=7.9GB (8GB approx)
[2018.11.07-15.54.37:842][  0]LogMemory: Platform Memory Stats for Windows
[2018.11.07-15.54.37:842][  0]LogMemory: Process Physical Memory: 99.59 MB used, 99.59 MB peak
[2018.11.07-15.54.37:842][  0]LogMemory: Process Virtual Memory: 90.96 MB used, 90.96 MB peak
[2018.11.07-15.54.37:842][  0]LogMemory: Physical Memory: 4794.50 MB used,  3262.52 MB free, 8057.02 MB total
[2018.11.07-15.54.37:842][  0]LogMemory: Virtual Memory: 4640.09 MB used,  3262.52 MB free, 134217728.00 MB total
[2018.11.07-15.54.37:853][  0]LogInit: Using OS detected language (en-US).
[2018.11.07-15.54.37:853][  0]LogInit: Using OS detected locale (en-US).
[2018.11.07-15.54.37:854][  0]LogTextLocalizationManager: No specific localization for 'en-US' exists, so the 'en' localization will be used.
[2018.11.07-15.54.38:205][  0]LogStreaming: Display: Took  0.352s to InitEngineTextLocalization.
[2018.11.07-15.54.38:205][  0]LogInit: Setting process to per monitor DPI aware
[2018.11.07-15.54.38:241][  0]LogSlate: New Slate User Created.  User Index 0, Is Virtual User: 0
[2018.11.07-15.54.38:241][  0]LogSlate: Slate User Registered.  User Index 0, Is Virtual User: 0
[2018.11.07-15.54.38:408][  0]LogHMD: Failed to initialize OpenVR with code 110
[2018.11.07-15.54.38:408][  0]LogD3D11RHI: D3D11 adapters:
[2018.11.07-15.54.38:448][  0]LogD3D11RHI:    0. 'NVIDIA GeForce GTX 760' (Feature Level 11_0)
[2018.11.07-15.54.38:449][  0]LogD3D11RHI:       2017/0/4028 MB DedicatedVideo/DedicatedSystem/SharedSystem, Outputs:2, VendorId:0x10de
[2018.11.07-15.54.38:454][  0]LogD3D11RHI:    1. 'Intel(R) HD Graphics 4600' (Feature Level 11_0)
[2018.11.07-15.54.38:454][  0]LogD3D11RHI:       112/0/2048 MB DedicatedVideo/DedicatedSystem/SharedSystem, Outputs:0, VendorId:0x8086
[2018.11.07-15.54.38:456][  0]LogD3D11RHI:    2. 'Microsoft Basic Render Driver' (Feature Level 11_0)
[2018.11.07-15.54.38:456][  0]LogD3D11RHI:       0/0/4028 MB DedicatedVideo/DedicatedSystem/SharedSystem, Outputs:0, VendorId:0x1414
[2018.11.07-15.54.38:456][  0]LogD3D11RHI: Chosen D3D11 Adapter: 0
[2018.11.07-15.54.38:462][  0]LogD3D11RHI: Creating new Direct3DDevice
[2018.11.07-15.54.38:462][  0]LogD3D11RHI:     GPU DeviceId: 0x1187 (for the marketing name, search the web for "GPU Device Id")
[2018.11.07-15.54.38:462][  0]LogWindows: EnumDisplayDevices:
[2018.11.07-15.54.38:462][  0]LogWindows:    0. 'NVIDIA GeForce GTX 760' (P:0 D:1)
[2018.11.07-15.54.38:463][  0]LogWindows:    1. 'NVIDIA GeForce GTX 760' (P:1 D:1)
[2018.11.07-15.54.38:463][  0]LogWindows:    2. 'NVIDIA GeForce GTX 760' (P:0 D:0)
[2018.11.07-15.54.38:463][  0]LogWindows:    3. 'NVIDIA GeForce GTX 760' (P:0 D:0)
[2018.11.07-15.54.38:463][  0]LogWindows:    4. 'Intel(R) HD Graphics 4600' (P:0 D:0)
[2018.11.07-15.54.38:463][  0]LogWindows:    5. 'Intel(R) HD Graphics 4600' (P:0 D:0)
[2018.11.07-15.54.38:463][  0]LogWindows:    6. 'Intel(R) HD Graphics 4600' (P:0 D:0)
[2018.11.07-15.54.38:464][  0]LogWindows: DebugString: PrimaryIsNotTheChoosenAdapter PrimaryIsNotTheChoosenAdapter PrimaryIsNotTheChoosenAdapter FoundDriverCount:4 
[2018.11.07-15.54.38:464][  0]LogD3D11RHI:     Adapter Name: NVIDIA GeForce GTX 760
[2018.11.07-15.54.38:464][  0]LogD3D11RHI:   Driver Version: 388.13 (internal:23.21.13.8813, unified:388.13)
[2018.11.07-15.54.38:464][  0]LogD3D11RHI:      Driver Date: 10-27-2017
[2018.11.07-15.54.38:464][  0]LogRHI: Texture pool is 1412 MB (70% of 2017 MB)
[2018.11.07-15.54.38:488][  0]LogD3D11RHI: Async texture creation enabled
[2018.11.07-15.54.38:498][  0]LogD3D11RHI: GPU Timing Frequency: 1000.000000 (Debug: 2 1)
[2018.11.07-15.54.38:592][  0]LogShaderCompilers: Guid format shader working directory is 11 characters bigger than the processId version (../../../../../../tps/HackAndSlashTD/Intermediate/Shaders/WorkingDirectory/18568/).
[2018.11.07-15.54.38:592][  0]LogShaderCompilers: Cleaned the shader compiler working directory 'C:/Users/Calvert/AppData/Local/Temp/UnrealShaderWorkingDir/80E32E814F4BD4559B3A27B4DD3C6B35/'.
[2018.11.07-15.54.38:818][  0]LogTemp: Display: Loaded TP AllDesktopTargetPlatform
[2018.11.07-15.54.38:830][  0]LogTemp: Display: Loaded TP MacClientTargetPlatform
[2018.11.07-15.54.38:842][  0]LogTemp: Display: Loaded TP MacNoEditorTargetPlatform
[2018.11.07-15.54.38:854][  0]LogTemp: Display: Loaded TP MacServerTargetPlatform
[2018.11.07-15.54.38:866][  0]LogTemp: Display: Loaded TP MacTargetPlatform
[2018.11.07-15.54.38:877][  0]LogTemp: Display: Loaded TP WindowsClientTargetPlatform
[2018.11.07-15.54.38:889][  0]LogTemp: Display: Loaded TP WindowsNoEditorTargetPlatform
[2018.11.07-15.54.38:901][  0]LogTemp: Display: Loaded TP WindowsServerTargetPlatform
[2018.11.07-15.54.38:907][  0]LogTemp: Display: Loaded TP WindowsTargetPlatform
[2018.11.07-15.54.38:976][  0]LogTemp: Display: Loaded TP AndroidTargetPlatform
[2018.11.07-15.54.38:976][  0]LogTemp: Display: Loaded TP AndroidTargetPlatform
[2018.11.07-15.54.38:976][  0]LogTemp: Display: Loaded TP AndroidTargetPlatform
[2018.11.07-15.54.38:976][  0]LogTemp: Display: Loaded TP AndroidTargetPlatform
[2018.11.07-15.54.38:976][  0]LogTemp: Display: Loaded TP AndroidTargetPlatform
[2018.11.07-15.54.38:976][  0]LogTemp: Display: Loaded TP AndroidTargetPlatform
[2018.11.07-15.54.38:976][  0]LogTemp: Display: Loaded TP AndroidTargetPlatform
[2018.11.07-15.54.38:976][  0]LogTemp: Display: Loaded TP AndroidTargetPlatform
[2018.11.07-15.54.38:976][  0]LogTemp: Display: Loaded TP AndroidTargetPlatform
[2018.11.07-15.54.38:976][  0]LogTemp: Display: Loaded TP AndroidTargetPlatform
[2018.11.07-15.54.38:976][  0]LogTemp: Display: Loaded TP AndroidTargetPlatform
[2018.11.07-15.54.38:976][  0]LogTemp: Display: Loaded TP AndroidTargetPlatform
[2018.11.07-15.54.38:976][  0]LogTemp: Display: Loaded TP AndroidTargetPlatform
[2018.11.07-15.54.38:976][  0]LogTemp: Display: Loaded TP AndroidTargetPlatform
[2018.11.07-15.54.38:976][  0]LogTemp: Display: Loaded TP AndroidTargetPlatform
[2018.11.07-15.54.38:976][  0]LogTemp: Display: Loaded TP AndroidTargetPlatform
[2018.11.07-15.54.38:976][  0]LogTemp: Display: Loaded TP AndroidTargetPlatform
[2018.11.07-15.54.38:976][  0]LogTemp: Display: Loaded TP AndroidTargetPlatform
[2018.11.07-15.54.38:977][  0]LogTemp: Display: Loaded TP HTML5TargetPlatform
[2018.11.07-15.54.39:034][  0]LogTemp: Display: Loaded TP IOSTargetPlatform
[2018.11.07-15.54.39:034][  0]LogTemp: Display: Loaded TP IOSTargetPlatform
[2018.11.07-15.54.39:083][  0]LogTemp: Display: Loaded TP TVOSTargetPlatform
[2018.11.07-15.54.39:083][  0]LogTemp: Display: Loaded TP TVOSTargetPlatform
[2018.11.07-15.54.39:097][  0]LogTemp: Display: Loaded TP LinuxClientTargetPlatform
[2018.11.07-15.54.39:108][  0]LogTemp: Display: Loaded TP LinuxNoEditorTargetPlatform
[2018.11.07-15.54.39:119][  0]LogTemp: Display: Loaded TP LinuxServerTargetPlatform
[2018.11.07-15.54.39:131][  0]LogTemp: Display: Loaded TP LinuxTargetPlatform
[2018.11.07-15.54.39:139][  0]LogTemp: Display: Loaded TP LuminTargetPlatform
[2018.11.07-15.54.39:139][  0]LogTargetPlatformManager: Display: Building Assets For Windows
[2018.11.07-15.54.39:189][  0]LogXGEController: Cannot use XGE Controller as Incredibuild is not installed on this machine.
[2018.11.07-15.54.39:189][  0]LogShaderCompilers: Cannot use XGE Shader Compiler as Incredibuild is not installed on this machine.
[2018.11.07-15.54.39:189][  0]LogShaderCompilers: Display: Using Local Shader Compiler.
[2018.11.07-15.54.39:844][  0]LogDerivedDataCache: Display: Max Cache Size: 512 MB
[2018.11.07-15.54.39:899][  0]LogDerivedDataCache: Loaded boot cache 0.05s 71MB C:/Users/Calvert/AppData/Local/UnrealEngine/4.20/DerivedDataCache/Boot.ddc.
[2018.11.07-15.54.39:899][  0]LogDerivedDataCache: Display: Loaded Boot cache: C:/Users/Calvert/AppData/Local/UnrealEngine/4.20/DerivedDataCache/Boot.ddc
[2018.11.07-15.54.39:899][  0]LogDerivedDataCache: FDerivedDataBackendGraph:  Pak pak cache file ../../../../../../tps/HackAndSlashTD/DerivedDataCache/DDC.ddp not found, will not use a pak cache.
[2018.11.07-15.54.39:899][  0]LogDerivedDataCache: Unable to find inner node Pak for hierarchical cache Hierarchy.
[2018.11.07-15.54.39:900][  0]LogDerivedDataCache: FDerivedDataBackendGraph:  CompressedPak pak cache file ../../../../../../tps/HackAndSlashTD/DerivedDataCache/Compressed.ddp not found, will not use a pak cache.
[2018.11.07-15.54.39:900][  0]LogDerivedDataCache: Unable to find inner node CompressedPak for hierarchical cache Hierarchy.
[2018.11.07-15.54.39:911][  0]LogDerivedDataCache: Display: Pak cache opened for reading ../../../Engine/DerivedDataCache/Compressed.ddp.
[2018.11.07-15.54.39:923][  0]LogDerivedDataCache: Using Local data cache path C:/Users/Calvert/AppData/Local/UnrealEngine/Common/DerivedDataCache: Writable
[2018.11.07-15.54.39:923][  0]LogDerivedDataCache: Shared data cache path not found in *engine.ini, will not use an Shared cache.
[2018.11.07-15.54.39:923][  0]LogDerivedDataCache: Unable to find inner node Shared for hierarchical cache Hierarchy.
[2018.11.07-15.54.39:940][  0]LogMaterial: Verifying Global Shaders for PCD3D_SM5
[2018.11.07-15.54.39:941][  0]LogSlate: Using FreeType 2.6.0
[2018.11.07-15.54.39:941][  0]LogSlate: SlateFontServices - WITH_FREETYPE: 1, WITH_HARFBUZZ: 1
[2018.11.07-15.54.40:008][  0]LogAssetRegistry: FAssetRegistry took 0.0252 seconds to start up
[2018.11.07-15.54.40:304][  0]LogInit: Selected Device Profile: [Windows]
[2018.11.07-15.54.40:414][  0]LogSimplygon: Simplygon DLL not present - disabling.
[2018.11.07-15.54.40:417][  0]LogMeshReduction: Using SimplygonSwarm for distributed automatic mesh merging
[2018.11.07-15.54.40:417][  0]LogMeshReduction: Using ProxyLODMeshReduction for automatic mesh merging
[2018.11.07-15.54.40:417][  0]LogMeshReduction: Using QuadricMeshReduction for automatic static mesh reduction
[2018.11.07-15.54.40:417][  0]LogMeshReduction: No automatic skeletal mesh reduction module available
[2018.11.07-15.54.40:436][  0]LogNetVersion: HackAndSlashTD 1.0.0, NetCL: 4212847, EngineNetVer: 5, GameNetVer: 0 (Checksum: 3382545340)
[2018.11.07-15.54.40:889][  0]LogPackageLocalizationCache: Processed 11 localized package path(s) for 2 prioritized culture(s) in 0.096013 seconds
[2018.11.07-15.54.40:895][  0]LogUObjectArray: 38425 objects as part of root set at end of initial load.
[2018.11.07-15.54.40:895][  0]LogUObjectAllocator: 6690864 out of 0 bytes used by permanent object pool.
[2018.11.07-15.54.40:895][  0]LogUObjectArray: CloseDisregardForGC: 0/0 objects in disregard for GC pool
[2018.11.07-15.54.41:595][  0]LogTcpMessaging: Initializing TcpMessaging bridge
[2018.11.07-15.54.41:608][  0]LogUdpMessaging: Initializing bridge on interface 0.0.0.0:0 to multicast group 230.0.0.1:6666.
[2018.11.07-15.54.41:738][  0]SourceControl: Source control is disabled
[2018.11.07-15.54.41:738][  0]SourceControl: Source control is disabled
[2018.11.07-15.54.41:739][  0]SourceControl: Source control is disabled
[2018.11.07-15.54.41:739][  0]SourceControl: Source control is disabled
[2018.11.07-15.54.41:901][  0]LogAndroidPermission: UAndroidPermissionCallbackProxy::GetInstance
[2018.11.07-15.54.41:969][  0]LogOcInput: OculusInput pre-init called
[2018.11.07-15.54.42:023][  0]LogEngine: Initializing Engine...
[2018.11.07-15.54.42:023][  0]LogHMD: Failed to initialize OpenVR with code 110
[2018.11.07-15.54.42:024][  0]LogStats: UGameplayTagsManager::ConstructGameplayTagTree: ImportINI prefixes -  0.000 s
[2018.11.07-15.54.42:024][  0]LogStats: UGameplayTagsManager::ConstructGameplayTagTree: Construct from data asset -  0.000 s
[2018.11.07-15.54.42:025][  0]LogStats: UGameplayTagsManager::ConstructGameplayTagTree: ImportINI -  0.000 s
[2018.11.07-15.54.42:025][  0]LogStats: UGameplayTagsManager::ConstructGameplayTagTree: GameplayTagTreeChangedEvent.Broadcast -  0.000 s
[2018.11.07-15.54.42:217][  0]LogInit: Initializing FReadOnlyCVARCache
[2018.11.07-15.54.42:232][  0]LogAIModule: Creating AISystem for world Untitled
[2018.11.07-15.54.42:250][  0]LogInit: XAudio2 using 'Speakers (Logitech USB Headset H340)' : 2 channels at 44.1 kHz using 16 bits per sample (channel mask 0x3)
[2018.11.07-15.54.42:266][  0]LogInit: FAudioDevice initialized.
[2018.11.07-15.54.42:267][  0]LogNetVersion: Set ProjectVersion to 1.0.0.0. Version Checksum will be recalculated on next use.
[2018.11.07-15.54.42:346][  0]LogDerivedDataCache: Saved boot cache 0.08s 71MB C:/Users/Calvert/AppData/Local/UnrealEngine/4.20/DerivedDataCache/Boot.ddc.
[2018.11.07-15.54.42:357][  0]LogInit: Texture streaming: Enabled
[2018.11.07-15.54.42:371][  0]LogEngineSessionManager: EngineSessionManager initialized
[2018.11.07-15.54.42:386][  0]LogInit: Transaction tracking system initialized
[2018.11.07-15.54.42:402][  0]BlueprintLog: New page: Editor Load
[2018.11.07-15.54.42:460][  0]LocalizationService: Localization service is disabled
[2018.11.07-15.54.42:680][  0]LogCook: Display: Max memory allowance for cook 16384mb min free memory 0mb
[2018.11.07-15.54.42:680][  0]LogCook: Display: Mobile HDR setting 1
[2018.11.07-15.54.42:681][  0]LogGameplayTags: Display: UGameplayTagsManager::DoneAddingNativeTags. DelegateIsBound: 0
[2018.11.07-15.54.42:681][  0]LogStats: UGameplayTagsManager::ConstructGameplayTagTree: ImportINI prefixes -  0.000 s
[2018.11.07-15.54.42:681][  0]LogStats: UGameplayTagsManager::ConstructGameplayTagTree: Construct from data asset -  0.000 s
[2018.11.07-15.54.42:681][  0]LogStats: UGameplayTagsManager::ConstructGameplayTagTree: ImportINI -  0.000 s
[2018.11.07-15.54.42:681][  0]LogStats: UGameplayTagsManager::ConstructGameplayTagTree: GameplayTagTreeChangedEvent.Broadcast -  0.000 s
[2018.11.07-15.54.42:775][  0]LogFileCache: Scanning file cache for directory 'C:/tps/HackAndSlashTD/Content/' took 0.02s
[2018.11.07-15.54.42:775][  0]SourceControl: Source control is disabled
[2018.11.07-15.54.42:775][  0]Cmd: MAP LOAD FILE="../../../../../../tps/HackAndSlashTD/Content/TopDownBP/Maps/TopDownExampleMap.umap" TEMPLATE=0 SHOWPROGRESS=1 FEATURELEVEL=3
[2018.11.07-15.54.42:781][  0]LightingResults: New page: Lighting Build
[2018.11.07-15.54.42:783][  0]MapCheck: New page: Map Check
[2018.11.07-15.54.42:783][  0]LightingResults: New page: Lighting Build
[2018.11.07-15.54.43:863][  0]LogAIModule: Creating AISystem for world TopDownExampleMap
[2018.11.07-15.54.43:871][  0]LogEditorServer: Finished looking for orphan Actors (0.000 secs)
[2018.11.07-15.54.43:900][  0]Cmd: MAP CHECKDEP NOCLEARLOG
[2018.11.07-15.54.43:960][  0]MapCheck: Map check complete: 0 Error(s), 0 Warning(s), took 58.875ms to complete.
[2018.11.07-15.54.43:960][  0]LogFileHelpers: Loading map 'TopDownExampleMap' took 1.185
[2018.11.07-15.54.44:169][  0]LogSlate: Updating window title bar state: overlay mode, drag disabled, window buttons hidden, title bar hidden
[2018.11.07-15.54.44:178][  0]LogSlate: Updating window title bar state: overlay mode, drag disabled, window buttons hidden, title bar hidden
[2018.11.07-15.54.44:186][  0]LogSlate: Updating window title bar state: overlay mode, drag disabled, window buttons hidden, title bar hidden
[2018.11.07-15.54.44:194][  0]LogSlate: Updating window title bar state: overlay mode, drag disabled, window buttons hidden, title bar hidden
[2018.11.07-15.54.44:212][  0]LogCollectionManager: Loaded 0 collections in 0.001170 seconds
[2018.11.07-15.54.44:282][  0]LogFileCache: Scanning file cache for directory 'C:/tps/HackAndSlashTD/Saved/Collections/' took 0.01s
[2018.11.07-15.54.44:283][  0]LogFileCache: Scanning file cache for directory 'C:/tps/HackAndSlashTD/Content/Developers/Calvert/Collections/' took 0.01s
[2018.11.07-15.54.44:283][  0]LogFileCache: Scanning file cache for directory 'C:/tps/HackAndSlashTD/Content/Collections/' took 0.01s
[2018.11.07-15.54.44:283][  0]LogCollectionManager: Rebuilt the GUID cache for 0 collections in 0.000011 seconds
[2018.11.07-15.54.44:295][  0]LogContentBrowser: Native class hierarchy populated in 0.0101 seconds. Added 2572 classes and 603 folders.
[2018.11.07-15.54.44:312][  0]LogContentBrowser: Native class hierarchy updated for 'WidgetCarousel' in 0.0002 seconds. Added 0 classes and 0 folders.
[2018.11.07-15.54.44:790][  0]LogContentBrowser: Native class hierarchy updated for 'AddContentDialog' in 0.0002 seconds. Added 0 classes and 0 folders.
[2018.11.07-15.54.44:805][  0]LogContentBrowser: Native class hierarchy updated for 'SceneOutliner' in 0.0003 seconds. Added 1 classes and 2 folders.
[2018.11.07-15.54.44:917][  0]LogContentBrowser: Native class hierarchy updated for 'HierarchicalLODOutliner' in 0.0003 seconds. Added 0 classes and 0 folders.
[2018.11.07-15.54.44:917][  0]LogLoad: (Engine Initialization) Total time: 8.53 seconds
[2018.11.07-15.54.44:917][  0]LogLoad: (Engine Initialization) Total Blueprint compile time: 0.00 seconds
[2018.11.07-15.54.44:927][  0]LogWindowsTextInputMethodSystem: Display: IME system now deactivated.
[2018.11.07-15.54.44:958][  0]LogContentStreaming: Texture pool size now 1000 MB
[2018.11.07-15.54.44:959][  0]LogSlate: Took 0.000262 seconds to synchronously load lazily loaded font '../../../Engine/Content/Slate/Fonts/Roboto-Regular.ttf' (155K)
[2018.11.07-15.54.44:961][  0]LogSlate: Took 0.000137 seconds to synchronously load lazily loaded font '../../../Engine/Content/Slate/Fonts/Roboto-Bold.ttf' (160K)
[2018.11.07-15.54.44:972][  0]LogSlate: Took 0.005930 seconds to synchronously load lazily loaded font '../../../Engine/Content/Editor/Slate/Fonts/FontAwesome.ttf' (139K)
[2018.11.07-15.54.45:158][  0]LogSlate: Took 0.006871 seconds to synchronously load lazily loaded font '../../../Engine/Content/Slate/Fonts/Roboto-Light.ttf' (167K)
[2018.11.07-15.54.45:179][  1]LogRenderer: Reallocating scene render targets to support 804x360 Format 10 NumSamples 1 (Frame:1).
[2018.11.07-15.54.45:256][  1]LogAssetRegistry: Asset discovery search completed in 5.2701 seconds
[2018.11.07-15.54.45:258][  1]LogCollectionManager: Rebuilt the object cache for 0 collections in 0.000000 seconds (found 0 objects)
[2018.11.07-15.54.45:258][  1]LogCollectionManager: Fixed up redirectors for 0 collections in 0.000046 seconds (updated 0 objects)
[2018.11.07-15.54.45:951][ 62]LogSlate: Took 0.000173 seconds to synchronously load lazily loaded font '../../../Engine/Content/Slate/Fonts/Roboto-Light.ttf' (167K)
[2018.11.07-15.54.54:670][104]LogSlate: FSceneViewport::OnFocusLost() reason 0
[2018.11.07-15.55.03:230][118]LogAssetEditorManager: Opening Asset editor for Blueprint /Game/myStuff/characters/guys/Percy/percy.percy
[2018.11.07-15.55.03:833][118]LogContentBrowser: Native class hierarchy updated for 'BlueprintGraph' in 0.0010 seconds. Added 116 classes and 0 folders.
[2018.11.07-15.55.12:633][  8]LogSlate: Window 'percy' being destroyed
[2018.11.07-15.55.15:447][339]LogRenderer: Reallocating scene render targets to support 1208x576 Format 10 NumSamples 1 (Frame:2048).
[2018.11.07-15.56.29:577][222]LogTemp: Repeating last play command: Selected Viewport
[2018.11.07-15.56.29:598][222]LogBlueprintUserMessages: Early PlayInEditor Detection: Level '/Game/TopDownBP/Maps/TopDownExampleMap.TopDownExampleMap:PersistentLevel' has LevelScriptBlueprint '/Game/TopDownBP/Maps/TopDownExampleMap.TopDownExampleMap:PersistentLevel.TopDownExampleMap' with GeneratedClass '/Game/TopDownBP/Maps/TopDownExampleMap.TopDownExampleMap_C' with ClassGeneratedBy '/Game/TopDownBP/Maps/TopDownExampleMap.TopDownExampleMap:PersistentLevel.TopDownExampleMap'
[2018.11.07-15.56.29:599][222]LogPlayLevel: PlayLevel: No blueprints needed recompiling
[2018.11.07-15.56.29:619][222]PIE: New page: PIE session: TopDownExampleMap (Nov 6, 2018, 11:56:29 PM)
[2018.11.07-15.56.29:619][222]LogPlayLevel: Creating play world package: /Game/TopDownBP/Maps/UEDPIE_0_TopDownExampleMap
[2018.11.07-15.56.29:643][222]LogPlayLevel: PIE: StaticDuplicateObject took: (0.023790s)
[2018.11.07-15.56.29:644][222]LogAIModule: Creating AISystem for world TopDownExampleMap
[2018.11.07-15.56.29:645][222]LogPlayLevel: PIE: World Init took: (0.001613s)
[2018.11.07-15.56.29:645][222]LogPlayLevel: PIE: Created PIE world by copying editor world from /Game/TopDownBP/Maps/TopDownExampleMap.TopDownExampleMap to /Game/TopDownBP/Maps/UEDPIE_0_TopDownExampleMap.TopDownExampleMap (0.025662s)
[2018.11.07-15.56.29:684][222]LogInit: XAudio2 using 'Speakers (Logitech USB Headset H340)' : 2 channels at 44.1 kHz using 16 bits per sample (channel mask 0x3)
[2018.11.07-15.56.29:691][222]LogInit: FAudioDevice initialized.
[2018.11.07-15.56.29:734][222]LogLoad: Game class is 'TopDownGameMode_C'
[2018.11.07-15.56.29:742][222]LogWorld: Bringing World /Game/TopDownBP/Maps/UEDPIE_0_TopDownExampleMap.TopDownExampleMap up for play (max tick rate 0) at 2018.11.07-07.56.29
[2018.11.07-15.56.29:744][222]LogWorld: Bringing up level for play took: 0.002648
[2018.11.07-15.56.29:775][222]LogContentBrowser: Native class hierarchy updated for 'MovieSceneCapture' in 0.0003 seconds. Added 10 classes and 0 folders.
[2018.11.07-15.56.29:790][222]PIE: Play in editor start time for /Game/TopDownBP/Maps/UEDPIE_0_TopDownExampleMap -0.401
[2018.11.07-15.56.29:790][222]LogBlueprintUserMessages: Late PlayInEditor Detection: Level '/Game/TopDownBP/Maps/TopDownExampleMap.TopDownExampleMap:PersistentLevel' has LevelScriptBlueprint '/Game/TopDownBP/Maps/TopDownExampleMap.TopDownExampleMap:PersistentLevel.TopDownExampleMap' with GeneratedClass '/Game/TopDownBP/Maps/TopDownExampleMap.TopDownExampleMap_C' with ClassGeneratedBy '/Game/TopDownBP/Maps/TopDownExampleMap.TopDownExampleMap:PersistentLevel.TopDownExampleMap'
[2018.11.07-15.56.33:485][660]LogBlueprintUserMessages: Early EndPlayMap Detection: Level '/Game/TopDownBP/Maps/TopDownExampleMap.TopDownExampleMap:PersistentLevel' has LevelScriptBlueprint '/Game/TopDownBP/Maps/TopDownExampleMap.TopDownExampleMap:PersistentLevel.TopDownExampleMap' with GeneratedClass '/Game/TopDownBP/Maps/TopDownExampleMap.TopDownExampleMap_C' with ClassGeneratedBy '/Game/TopDownBP/Maps/TopDownExampleMap.TopDownExampleMap:PersistentLevel.TopDownExampleMap'
[2018.11.07-15.56.33:488][660]LogSlate: Updating window title bar state: overlay mode, drag disabled, window buttons hidden, title bar hidden
[2018.11.07-15.56.33:525][660]LogPlayLevel: Display: Shutting down PIE online subsystems
[2018.11.07-15.56.33:525][660]LogBlueprintUserMessages: Late EndPlayMap Detection: Level '/Game/TopDownBP/Maps/TopDownExampleMap.TopDownExampleMap:PersistentLevel' has LevelScriptBlueprint '/Game/TopDownBP/Maps/TopDownExampleMap.TopDownExampleMap:PersistentLevel.TopDownExampleMap' with GeneratedClass '/Game/TopDownBP/Maps/TopDownExampleMap.TopDownExampleMap_C' with ClassGeneratedBy '/Game/TopDownBP/Maps/TopDownExampleMap.TopDownExampleMap:PersistentLevel.TopDownExampleMap'
[2018.11.07-15.56.33:551][660]LogSlate: Updating window title bar state: overlay mode, drag disabled, window buttons hidden, title bar hidden
[2018.11.07-15.56.33:596][662]LogPlayLevel: Display: Destroying online subsystem :Context_6
[2018.11.07-15.56.35:431][882]LogSlate: FSceneViewport::OnFocusLost() reason 0
[2018.11.07-15.56.36:580][ 18]LogAssetEditorManager: Opening Asset editor for UserDefinedEnum /Game/myStuff/characters/attacks/E_ATTACKS.E_ATTACKS
