Log file open, 10/29/18 13:22:53
LogWindows: Failed to load 'aqProf.dll' (GetLastError=126)
LogWindows: File 'aqProf.dll' does not exist
LogWindows: Failed to load 'VtuneApi.dll' (GetLastError=126)
LogWindows: File 'VtuneApi.dll' does not exist
LogWindows: Failed to load 'VtuneApi32e.dll' (GetLastError=126)
LogWindows: File 'VtuneApi32e.dll' does not exist
LogInit: Display: Running engine for game: hackSlashExample
LogPlatformFile: Not using cached read wrapper
LogTaskGraph: Started task graph with 5 named threads and 23 total threads with 3 sets of task threads.
LogStats: Stats thread started at 0.752177
LogD3D11RHI: Loaded GFSDK_Aftermath_Lib.x64.dll
LogICUInternationalization: Display: ICU TimeZone Detection - Raw Offset: -8:00, Platform Override: ''
LogPluginManager: Mounting plugin Paper2D
LogPluginManager: Mounting plugin AISupport
LogPluginManager: Mounting plugin LightPropagationVolume
LogPluginManager: Mounting plugin CLionSourceCodeAccess
LogPluginManager: Mounting plugin CodeLiteSourceCodeAccess
LogPluginManager: Mounting plugin GitSourceControl
LogPluginManager: Mounting plugin KDevelopSourceCodeAccess
LogPluginManager: Mounting plugin NullSourceCodeAccess
LogPluginManager: Mounting plugin PerforceSourceControl
LogPluginManager: Mounting plugin SubversionSourceControl
LogPluginManager: Mounting plugin UObjectPlugin
LogPluginManager: Mounting plugin VisualStudioCodeSourceCodeAccess
LogPluginManager: Mounting plugin VisualStudioSourceCodeAccess
LogPluginManager: Mounting plugin XCodeSourceCodeAccess
LogPluginManager: Mounting plugin AssetManagerEditor
LogPluginManager: Mounting plugin CryptoKeys
LogPluginManager: Mounting plugin DataValidation
LogPluginManager: Mounting plugin FacialAnimation
LogPluginManager: Mounting plugin GameplayTagsEditor
LogPluginManager: Mounting plugin MacGraphicsSwitching
LogPluginManager: Mounting plugin MeshEditor
LogPluginManager: Mounting plugin MobileLauncherProfileWizard
LogPluginManager: Mounting plugin PluginBrowser
LogPluginManager: Mounting plugin SpeedTreeImporter
LogPluginManager: Mounting plugin DatasmithContent
LogPluginManager: Mounting plugin AlembicImporter
LogPluginManager: Mounting plugin AppleImageUtils
LogPluginManager: Mounting plugin AppleVision
LogPluginManager: Mounting plugin BackChannel
LogPluginManager: Mounting plugin CharacterAI
LogPluginManager: Mounting plugin GeometryCache
LogPluginManager: Mounting plugin HTML5Networking
LogPluginManager: Mounting plugin ProxyLODPlugin
LogPluginManager: Mounting plugin MagicLeap
LogPluginManager: Mounting plugin MagicLeapEmulator
LogPluginManager: Mounting plugin MagicLeapMedia
LogPluginManager: Mounting plugin AndroidMedia
LogPluginManager: Mounting plugin AvfMedia
LogPluginManager: Mounting plugin ImgMedia
LogPluginManager: Mounting plugin LinearTimecode
LogPluginManager: Mounting plugin MediaCompositing
LogPluginManager: Mounting plugin MediaPlayerEditor
LogPluginManager: Mounting plugin WmfMedia
LogPluginManager: Mounting plugin TcpMessaging
LogPluginManager: Mounting plugin UdpMessaging
LogPluginManager: Mounting plugin ActorSequence
LogPluginManager: Mounting plugin LevelSequenceEditor
LogPluginManager: Mounting plugin MatineeToLevelSequence
LogPluginManager: Mounting plugin NetcodeUnitTest
LogPluginManager: Mounting plugin NUTUnrealEngine4
LogPluginManager: Mounting plugin OnlineSubsystemGooglePlay
LogPluginManager: Mounting plugin OnlineSubsystemIOS
LogPluginManager: Mounting plugin OnlineSubsystem
LogPluginManager: Mounting plugin OnlineSubsystemNull
LogPluginManager: Mounting plugin OnlineSubsystemUtils
LogPluginManager: Mounting plugin LauncherChunkInstaller
LogPluginManager: Mounting plugin AndroidDeviceProfileSelector
LogPluginManager: Mounting plugin AndroidMoviePlayer
LogPluginManager: Mounting plugin AndroidPermission
LogPluginManager: Mounting plugin AppleMoviePlayer
LogPluginManager: Mounting plugin ArchVisCharacter
LogPluginManager: Mounting plugin AudioCapture
LogPluginManager: Mounting plugin CableComponent
LogPluginManager: Mounting plugin CustomMeshComponent
LogPluginManager: Mounting plugin EditableMesh
LogPluginManager: Mounting plugin ExampleDeviceProfileSelector
LogPluginManager: Mounting plugin GoogleCloudMessaging
LogPluginManager: Mounting plugin ImmediatePhysics
LogPluginManager: Mounting plugin IOSDeviceProfileSelector
LogPluginManager: Mounting plugin LinuxDeviceProfileSelector
LogPluginManager: Mounting plugin LocationServicesBPLibrary
LogPluginManager: Mounting plugin MobilePatchingUtils
LogPluginManager: Mounting plugin OculusVR
LogPluginManager: Plugin shader directory ../../../Engine/Plugins/Runtime/Oculus/OculusVR/Shaders found
LogPluginManager: Mapping shader source directory ../../../Engine/Plugins/Runtime/Oculus/OculusVR/Shaders to virtual directory /Plugin/OculusVR
LogPluginManager: Mounting plugin PhysXVehicles
LogPluginManager: Mounting plugin ProceduralMeshComponent
LogPluginManager: Mounting plugin RuntimePhysXCooking
LogPluginManager: Mounting plugin SteamVR
LogPluginManager: Mounting plugin WindowsMoviePlayer
LogStreaming: Display: Took  0.076s to configure plugins.
LogInit: Using libcurl 7.55.1-DEV
LogInit:  - built for x86_64-pc-win32
LogInit:  - supports SSL with OpenSSL/1.0.2h
LogInit:  - supports HTTP deflate (compression) using libz 1.2.8
LogInit:  - other features:
LogInit:      CURL_VERSION_SSL
LogInit:      CURL_VERSION_LIBZ
LogInit:      CURL_VERSION_IPV6
LogInit:      CURL_VERSION_ASYNCHDNS
LogInit:      CURL_VERSION_LARGEFILE
LogInit:      CURL_VERSION_IDN
LogInit:  CurlRequestOptions (configurable via config and command line):
LogInit:  - bVerifyPeer = false  - Libcurl will NOT verify peer certificate
LogInit:  - bUseHttpProxy = false  - Libcurl will NOT use HTTP proxy
LogInit:  - bDontReuseConnections = false  - Libcurl will reuse connections
LogInit:  - CertBundlePath = nullptr  - Libcurl will use whatever was configured at build time.
LogInit:  - MaxHostConnections = 16  - Libcurl will limit the number of connections to a host
LogInit:  - LocalHostAddr = Default
LogInit:  - BufferSize = 65536
LogInit: WinSock: version 1.1 (2.2), MaxSocks=32767, MaxUdp=65467
LogInit: Build: ++UE4+Release-4.20-CL-4212847
LogInit: Engine Version: 4.20.0-4212847+++UE4+Release-4.20
LogInit: Compatible Engine Version: 4.20.0-4212847+++UE4+Release-4.20
LogInit: Net CL: 4212847
LogInit: OS: Windows 10 (), CPU: Intel(R) Core(TM) i7-6700 CPU @ 3.40GHz, GPU: AMD FirePro W4100
LogInit: Compiled (64-bit): Jul 14 2018 09:51:14
LogInit: Compiled with Visual C++: 19.13.26129.00
LogInit: Build Configuration: Development
LogInit: Branch Name: ++UE4+Release-4.20
LogInit: Command Line: 
LogInit: Base Directory: C:/Program Files/Epic Games/UE_4.20/Engine/Binaries/Win64/
LogInit: Installed Engine Build: 1
LogDevObjectVersion: Number of dev versions registered: 20
LogDevObjectVersion:   Dev-Blueprints (B0D832E4-1F89-4F0D-ACCF-7EB736FD4AA2): 10
LogDevObjectVersion:   Dev-Build (E1C64328-A22C-4D53-A36C-8E866417BD8C): 0
LogDevObjectVersion:   Dev-Core (375EC13C-06E4-48FB-B500-84F0262A717E): 2
LogDevObjectVersion:   Dev-Editor (E4B068ED-F494-42E9-A231-DA0B2E46BB41): 24
LogDevObjectVersion:   Dev-Framework (CFFC743F-43B0-4480-9391-14DF171D2073): 34
LogDevObjectVersion:   Dev-Mobile (B02B49B5-BB20-44E9-A304-32B752E40360): 2
LogDevObjectVersion:   Dev-Networking (A4E4105C-59A1-49B5-A7C5-40C4547EDFEE): 0
LogDevObjectVersion:   Dev-Online (39C831C9-5AE6-47DC-9A44-9C173E1C8E7C): 0
LogDevObjectVersion:   Dev-Physics (78F01B33-EBEA-4F98-B9B4-84EACCB95AA2): 0
LogDevObjectVersion:   Dev-Platform (6631380F-2D4D-43E0-8009-CF276956A95A): 0
LogDevObjectVersion:   Dev-Rendering (12F88B9F-8875-4AFC-A67C-D90C383ABD29): 26
LogDevObjectVersion:   Dev-Sequencer (7B5AE74C-D270-4C10-A958-57980B212A5A): 9
LogDevObjectVersion:   Dev-VR (D7296918-1DD6-4BDD-9DE2-64A83CC13884): 2
LogDevObjectVersion:   Dev-LoadTimes (C2A15278-BFE7-4AFE-6C17-90FF531DF755): 1
LogDevObjectVersion:   Private-Geometry (6EACA3D4-40EC-4CC1-B786-8BED09428FC5): 3
LogDevObjectVersion:   Dev-AnimPhys (29E575DD-E0A3-4627-9D10-D276232CDCEA): 17
LogDevObjectVersion:   Dev-ReflectionCapture (6B266CEC-1EC7-4B8F-A30B-E4D90942FC07): 1
LogDevObjectVersion:   Dev-Automation (0DF73D61-A23F-47EA-B727-89E90C41499A): 1
LogDevObjectVersion:   FortniteMain (601D1886-AC64-4F84-AA16-D3DE0DEAC7D6): 12
LogDevObjectVersion:   Dev-Enterprise (9DFFBCD6-494F-0158-E221-12823C92A888): 1
LogStreaming: Display: Took  0.001s to delete old logs.
LogInit: Presizing for max 8388607 objects, including 0 objects not considered by GC, pre-allocating 0 bytes for permanent pool.
LogInit: Object subsystem initialized
[2018.10.29-20.22.53:745][  0]LogInit: Selected Device Profile: [Windows]
[2018.10.29-20.22.53:746][  0]LogInit: Applying CVar settings loaded from the selected device profile: [Windows]
[2018.10.29-20.22.53:756][  0]LogHAL: Display: Platform has ~ 8 GB [8489836544 / 8589934592 / 8], which maps to Default [LargestMinGB=32, LargerMinGB=12, DefaultMinGB=8, SmallerMinGB=6, SmallestMinGB=0)
[2018.10.29-20.22.53:756][  0]LogInit: Setting Device Profile CVar: [[r.Vulkan.UseRealUBs:1]]
[2018.10.29-20.22.53:757][  0]LogInit: Going up to parent DeviceProfile []
[2018.10.29-20.22.53:760][  0]LogInit: Computer: CLSYSTEM01
[2018.10.29-20.22.53:761][  0]LogInit: User: User
[2018.10.29-20.22.53:761][  0]LogInit: CPU Page size=4096, Cores=4
[2018.10.29-20.22.53:761][  0]LogInit: High frequency timer resolution =3.328123 MHz
[2018.10.29-20.22.53:761][  0]LogMemory: Memory total: Physical=7.9GB (8GB approx)
[2018.10.29-20.22.53:761][  0]LogMemory: Platform Memory Stats for Windows
[2018.10.29-20.22.53:761][  0]LogMemory: Process Physical Memory: 100.84 MB used, 100.84 MB peak
[2018.10.29-20.22.53:761][  0]LogMemory: Process Virtual Memory: 91.11 MB used, 91.11 MB peak
[2018.10.29-20.22.53:761][  0]LogMemory: Physical Memory: 4532.57 MB used,  3563.96 MB free, 8096.54 MB total
[2018.10.29-20.22.53:761][  0]LogMemory: Virtual Memory: 547.72 MB used,  3563.96 MB free, 134217728.00 MB total
[2018.10.29-20.22.53:857][  0]LogInit: Using OS detected language (en-US).
[2018.10.29-20.22.53:858][  0]LogInit: Using OS detected locale (en-US).
[2018.10.29-20.22.53:861][  0]LogTextLocalizationManager: No specific localization for 'en-US' exists, so the 'en' localization will be used.
[2018.10.29-20.22.54:216][  0]LogStreaming: Display: Took  0.357s to InitEngineTextLocalization.
[2018.10.29-20.22.54:217][  0]LogInit: Setting process to per monitor DPI aware
[2018.10.29-20.22.54:270][  0]LogSlate: New Slate User Created.  User Index 0, Is Virtual User: 0
[2018.10.29-20.22.54:270][  0]LogSlate: Slate User Registered.  User Index 0, Is Virtual User: 0
[2018.10.29-20.22.54:591][  0]LogHMD: Failed to initialize OpenVR with code 110
[2018.10.29-20.22.54:591][  0]LogD3D11RHI: D3D11 adapters:
[2018.10.29-20.22.54:616][  0]LogD3D11RHI:    0. 'AMD FirePro W4100' (Feature Level 11_0)
[2018.10.29-20.22.54:616][  0]LogD3D11RHI:       2029/0/4048 MB DedicatedVideo/DedicatedSystem/SharedSystem, Outputs:1, VendorId:0x1002
[2018.10.29-20.22.54:618][  0]LogD3D11RHI:    1. 'Microsoft Basic Render Driver' (Feature Level 11_0)
[2018.10.29-20.22.54:618][  0]LogD3D11RHI:       0/0/4048 MB DedicatedVideo/DedicatedSystem/SharedSystem, Outputs:0, VendorId:0x1414
[2018.10.29-20.22.54:618][  0]LogD3D11RHI: Chosen D3D11 Adapter: 0
[2018.10.29-20.22.54:624][  0]LogD3D11RHI: Creating new Direct3DDevice
[2018.10.29-20.22.54:624][  0]LogD3D11RHI:     GPU DeviceId: 0x682c (for the marketing name, search the web for "GPU Device Id")
[2018.10.29-20.22.54:625][  0]LogWindows: EnumDisplayDevices:
[2018.10.29-20.22.54:625][  0]LogWindows:    0. 'AMD FirePro W4100' (P:1 D:1)
[2018.10.29-20.22.54:625][  0]LogWindows:    1. 'AMD FirePro W4100' (P:0 D:0)
[2018.10.29-20.22.54:626][  0]LogWindows:    2. 'AMD FirePro W4100' (P:0 D:0)
[2018.10.29-20.22.54:626][  0]LogWindows:    3. 'AMD FirePro W4100' (P:0 D:0)
[2018.10.29-20.22.54:626][  0]LogWindows:    4. 'AMD FirePro W4100' (P:0 D:0)
[2018.10.29-20.22.54:627][  0]LogWindows:    5. 'AMD FirePro W4100' (P:0 D:0)
[2018.10.29-20.22.54:627][  0]LogWindows:    6. 'LMIMIRR' (P:0 D:0)
[2018.10.29-20.22.54:627][  0]LogWindows: DebugString: GetVideoDriverDetailsInvalid PrimaryIsNotTheChoosenAdapter FoundDriverCount:6 
[2018.10.29-20.22.54:627][  0]LogD3D11RHI:     Adapter Name: AMD FirePro W4100
[2018.10.29-20.22.54:627][  0]LogD3D11RHI:   Driver Version: Crimson ReLive 17.1.1 (internal:21.19.384.3, unified:21.19.384.3)
[2018.10.29-20.22.54:627][  0]LogD3D11RHI:      Driver Date: 1-11-2017
[2018.10.29-20.22.54:627][  0]LogRHI: Texture pool is 1420 MB (70% of 2029 MB)
[2018.10.29-20.22.54:710][  0]LogD3D11RHI: Async texture creation enabled
[2018.10.29-20.22.54:734][  0]LogD3D11RHI: GPU Timing Frequency: 27.000000 (Debug: 2 1)
[2018.10.29-20.22.54:739][  0]LogShaderCompilers: Guid format shader working directory is 6 characters bigger than the processId version (../../../../../../tps/hackSlashExample/Intermediate/Shaders/WorkingDirectory/14152/).
[2018.10.29-20.22.54:739][  0]LogShaderCompilers: Cleaned the shader compiler working directory 'C:/Users/User/AppData/Local/Temp/UnrealShaderWorkingDir/D35126D24482F8382047C0B7C6257123/'.
[2018.10.29-20.22.55:521][  0]LogTemp: Display: Loaded TP AllDesktopTargetPlatform
[2018.10.29-20.22.55:534][  0]LogTemp: Display: Loaded TP MacClientTargetPlatform
[2018.10.29-20.22.55:548][  0]LogTemp: Display: Loaded TP MacNoEditorTargetPlatform
[2018.10.29-20.22.55:560][  0]LogTemp: Display: Loaded TP MacServerTargetPlatform
[2018.10.29-20.22.55:575][  0]LogTemp: Display: Loaded TP MacTargetPlatform
[2018.10.29-20.22.55:589][  0]LogTemp: Display: Loaded TP WindowsClientTargetPlatform
[2018.10.29-20.22.55:604][  0]LogTemp: Display: Loaded TP WindowsNoEditorTargetPlatform
[2018.10.29-20.22.55:615][  0]LogTemp: Display: Loaded TP WindowsServerTargetPlatform
[2018.10.29-20.22.55:623][  0]LogTemp: Display: Loaded TP WindowsTargetPlatform
[2018.10.29-20.22.55:690][  0]LogTemp: Display: Loaded TP AndroidTargetPlatform
[2018.10.29-20.22.55:690][  0]LogTemp: Display: Loaded TP AndroidTargetPlatform
[2018.10.29-20.22.55:690][  0]LogTemp: Display: Loaded TP AndroidTargetPlatform
[2018.10.29-20.22.55:690][  0]LogTemp: Display: Loaded TP AndroidTargetPlatform
[2018.10.29-20.22.55:690][  0]LogTemp: Display: Loaded TP AndroidTargetPlatform
[2018.10.29-20.22.55:690][  0]LogTemp: Display: Loaded TP AndroidTargetPlatform
[2018.10.29-20.22.55:690][  0]LogTemp: Display: Loaded TP AndroidTargetPlatform
[2018.10.29-20.22.55:690][  0]LogTemp: Display: Loaded TP AndroidTargetPlatform
[2018.10.29-20.22.55:690][  0]LogTemp: Display: Loaded TP AndroidTargetPlatform
[2018.10.29-20.22.55:690][  0]LogTemp: Display: Loaded TP AndroidTargetPlatform
[2018.10.29-20.22.55:690][  0]LogTemp: Display: Loaded TP AndroidTargetPlatform
[2018.10.29-20.22.55:690][  0]LogTemp: Display: Loaded TP AndroidTargetPlatform
[2018.10.29-20.22.55:690][  0]LogTemp: Display: Loaded TP AndroidTargetPlatform
[2018.10.29-20.22.55:691][  0]LogTemp: Display: Loaded TP AndroidTargetPlatform
[2018.10.29-20.22.55:691][  0]LogTemp: Display: Loaded TP AndroidTargetPlatform
[2018.10.29-20.22.55:691][  0]LogTemp: Display: Loaded TP AndroidTargetPlatform
[2018.10.29-20.22.55:691][  0]LogTemp: Display: Loaded TP AndroidTargetPlatform
[2018.10.29-20.22.55:691][  0]LogTemp: Display: Loaded TP AndroidTargetPlatform
[2018.10.29-20.22.55:922][  0]LogTemp: Display: Loaded TP HTML5TargetPlatform
[2018.10.29-20.22.56:010][  0]LogTemp: Display: Loaded TP IOSTargetPlatform
[2018.10.29-20.22.56:010][  0]LogTemp: Display: Loaded TP IOSTargetPlatform
[2018.10.29-20.22.56:031][  0]LogTemp: Display: Loaded TP TVOSTargetPlatform
[2018.10.29-20.22.56:031][  0]LogTemp: Display: Loaded TP TVOSTargetPlatform
[2018.10.29-20.22.56:045][  0]LogTemp: Display: Loaded TP LinuxClientTargetPlatform
[2018.10.29-20.22.56:058][  0]LogTemp: Display: Loaded TP LinuxNoEditorTargetPlatform
[2018.10.29-20.22.56:070][  0]LogTemp: Display: Loaded TP LinuxServerTargetPlatform
[2018.10.29-20.22.56:086][  0]LogTemp: Display: Loaded TP LinuxTargetPlatform
[2018.10.29-20.22.56:096][  0]LogTemp: Display: Loaded TP LuminTargetPlatform
[2018.10.29-20.22.56:096][  0]LogTargetPlatformManager: Display: Building Assets For Windows
[2018.10.29-20.22.56:223][  0]LogXGEController: Cleaning working directory: C:/Users/User/AppData/Local/Temp/UnrealXGEWorkingDir/
[2018.10.29-20.22.56:223][  0]LogXGEController: Cannot use XGE Controller as Incredibuild is not installed on this machine.
[2018.10.29-20.22.56:223][  0]LogShaderCompilers: Cannot use XGE Shader Compiler as Incredibuild is not installed on this machine.
[2018.10.29-20.22.56:223][  0]LogShaderCompilers: Display: Using Local Shader Compiler.
[2018.10.29-20.22.57:446][  0]LogDerivedDataCache: Display: Max Cache Size: 512 MB
[2018.10.29-20.22.57:924][  0]LogDerivedDataCache: Loaded boot cache 0.48s 87MB C:/Users/User/AppData/Local/UnrealEngine/4.20/DerivedDataCache/Boot.ddc.
[2018.10.29-20.22.57:924][  0]LogDerivedDataCache: Display: Loaded Boot cache: C:/Users/User/AppData/Local/UnrealEngine/4.20/DerivedDataCache/Boot.ddc
[2018.10.29-20.22.57:925][  0]LogDerivedDataCache: FDerivedDataBackendGraph:  Pak pak cache file ../../../../../../tps/hackSlashExample/DerivedDataCache/DDC.ddp not found, will not use a pak cache.
[2018.10.29-20.22.57:925][  0]LogDerivedDataCache: Unable to find inner node Pak for hierarchical cache Hierarchy.
[2018.10.29-20.22.57:925][  0]LogDerivedDataCache: FDerivedDataBackendGraph:  CompressedPak pak cache file ../../../../../../tps/hackSlashExample/DerivedDataCache/Compressed.ddp not found, will not use a pak cache.
[2018.10.29-20.22.57:925][  0]LogDerivedDataCache: Unable to find inner node CompressedPak for hierarchical cache Hierarchy.
[2018.10.29-20.22.57:942][  0]LogDerivedDataCache: Display: Pak cache opened for reading ../../../Engine/DerivedDataCache/Compressed.ddp.
[2018.10.29-20.22.57:955][  0]LogDerivedDataCache: Using Local data cache path C:/Users/User/AppData/Local/UnrealEngine/Common/DerivedDataCache: Writable
[2018.10.29-20.22.57:955][  0]LogDerivedDataCache: Shared data cache path not found in *engine.ini, will not use an Shared cache.
[2018.10.29-20.22.57:955][  0]LogDerivedDataCache: Unable to find inner node Shared for hierarchical cache Hierarchy.
[2018.10.29-20.22.57:980][  0]LogMaterial: Verifying Global Shaders for PCD3D_SM5
[2018.10.29-20.22.57:988][  0]LogSlate: Using FreeType 2.6.0
[2018.10.29-20.22.57:992][  0]LogSlate: SlateFontServices - WITH_FREETYPE: 1, WITH_HARFBUZZ: 1
[2018.10.29-20.22.58:140][  0]LogAssetRegistry: FAssetRegistry took 0.0316 seconds to start up
[2018.10.29-20.22.58:613][  0]LogInit: Selected Device Profile: [Windows]
[2018.10.29-20.22.58:850][  0]LogSimplygon: Simplygon DLL not present - disabling.
[2018.10.29-20.22.58:867][  0]LogMeshReduction: Using SimplygonSwarm for distributed automatic mesh merging
[2018.10.29-20.22.58:867][  0]LogMeshReduction: Using ProxyLODMeshReduction for automatic mesh merging
[2018.10.29-20.22.58:868][  0]LogMeshReduction: Using QuadricMeshReduction for automatic static mesh reduction
[2018.10.29-20.22.58:868][  0]LogMeshReduction: No automatic skeletal mesh reduction module available
[2018.10.29-20.22.58:908][  0]LogNetVersion: hackSlashExample 1.0.0, NetCL: 4212847, EngineNetVer: 5, GameNetVer: 0 (Checksum: 3429541355)
[2018.10.29-20.22.59:669][  0]LogPackageLocalizationCache: Processed 11 localized package path(s) for 2 prioritized culture(s) in 0.052131 seconds
[2018.10.29-20.22.59:675][  0]LogUObjectArray: 38425 objects as part of root set at end of initial load.
[2018.10.29-20.22.59:675][  0]LogUObjectAllocator: 6690872 out of 0 bytes used by permanent object pool.
[2018.10.29-20.22.59:675][  0]LogUObjectArray: CloseDisregardForGC: 0/0 objects in disregard for GC pool
[2018.10.29-20.23.01:371][  0]LogTcpMessaging: Initializing TcpMessaging bridge
[2018.10.29-20.23.01:390][  0]LogUdpMessaging: Initializing bridge on interface 0.0.0.0:0 to multicast group 230.0.0.1:6666.
[2018.10.29-20.23.01:662][  0]SourceControl: Source control is disabled
[2018.10.29-20.23.01:663][  0]SourceControl: Source control is disabled
[2018.10.29-20.23.01:673][  0]SourceControl: Source control is disabled
[2018.10.29-20.23.01:676][  0]SourceControl: Source control is disabled
[2018.10.29-20.23.01:983][  0]LogAndroidPermission: UAndroidPermissionCallbackProxy::GetInstance
[2018.10.29-20.23.02:042][  0]LogOcInput: OculusInput pre-init called
[2018.10.29-20.23.02:159][  0]LogEngine: Initializing Engine...
[2018.10.29-20.23.02:162][  0]LogHMD: Failed to initialize OpenVR with code 110
[2018.10.29-20.23.02:166][  0]LogStats: UGameplayTagsManager::ConstructGameplayTagTree: ImportINI prefixes -  0.000 s
[2018.10.29-20.23.02:166][  0]LogStats: UGameplayTagsManager::ConstructGameplayTagTree: Construct from data asset -  0.000 s
[2018.10.29-20.23.02:166][  0]LogStats: UGameplayTagsManager::ConstructGameplayTagTree: ImportINI -  0.000 s
[2018.10.29-20.23.02:166][  0]LogStats: UGameplayTagsManager::ConstructGameplayTagTree: GameplayTagTreeChangedEvent.Broadcast -  0.000 s
[2018.10.29-20.23.02:391][  0]LogInit: Initializing FReadOnlyCVARCache
[2018.10.29-20.23.02:442][  0]LogAIModule: Creating AISystem for world Untitled
[2018.10.29-20.23.02:514][  0]LogInit: XAudio2 using 'Speakers / Headphones (Realtek Audio)' : 2 channels at 48 kHz using 32 bits per sample (channel mask 0x3)
[2018.10.29-20.23.02:989][  0]LogInit: FAudioDevice initialized.
[2018.10.29-20.23.02:990][  0]LogNetVersion: Set ProjectVersion to 1.0.0.0. Version Checksum will be recalculated on next use.
[2018.10.29-20.23.03:086][  0]LogDerivedDataCache: Saved boot cache 0.10s 87MB C:/Users/User/AppData/Local/UnrealEngine/4.20/DerivedDataCache/Boot.ddc.
[2018.10.29-20.23.03:094][  0]LogInit: Texture streaming: Enabled
[2018.10.29-20.23.03:151][  0]LogEngineSessionManager: EngineSessionManager initialized
[2018.10.29-20.23.03:178][  0]LogInit: Transaction tracking system initialized
[2018.10.29-20.23.03:240][  0]BlueprintLog: New page: Editor Load
[2018.10.29-20.23.03:436][  0]LocalizationService: Localization service is disabled
[2018.10.29-20.23.03:805][  0]LogCook: Display: Max memory allowance for cook 16384mb min free memory 0mb
[2018.10.29-20.23.03:805][  0]LogCook: Display: Mobile HDR setting 1
[2018.10.29-20.23.03:806][  0]LogGameplayTags: Display: UGameplayTagsManager::DoneAddingNativeTags. DelegateIsBound: 0
[2018.10.29-20.23.03:806][  0]LogStats: UGameplayTagsManager::ConstructGameplayTagTree: ImportINI prefixes -  0.000 s
[2018.10.29-20.23.03:806][  0]LogStats: UGameplayTagsManager::ConstructGameplayTagTree: Construct from data asset -  0.000 s
[2018.10.29-20.23.03:806][  0]LogStats: UGameplayTagsManager::ConstructGameplayTagTree: ImportINI -  0.000 s
[2018.10.29-20.23.03:806][  0]LogStats: UGameplayTagsManager::ConstructGameplayTagTree: GameplayTagTreeChangedEvent.Broadcast -  0.000 s
[2018.10.29-20.23.04:042][  0]LogFileCache: Scanning file cache for directory 'C:/tps/hackSlashExample/Content/' took 0.02s
[2018.10.29-20.23.04:042][  0]SourceControl: Source control is disabled
[2018.10.29-20.23.04:043][  0]Cmd: MAP LOAD FILE="../../../../../../tps/hackSlashExample/Content/ThirdPersonBP/Maps/ThirdPersonExampleMap.umap" TEMPLATE=0 SHOWPROGRESS=1 FEATURELEVEL=3
[2018.10.29-20.23.04:045][  0]LightingResults: New page: Lighting Build
[2018.10.29-20.23.04:057][  0]MapCheck: New page: Map Check
[2018.10.29-20.23.04:057][  0]LightingResults: New page: Lighting Build
[2018.10.29-20.23.05:252][  0]LogTexture: Display: Building textures: mremireh_shoe_specular (AutoDXT, 512X512)
[2018.10.29-20.23.05:253][  0]LogTexture: Display: Building textures: mremireh_shoe_diffuse (AutoDXT, 512X512)
[2018.10.29-20.23.05:253][  0]LogTexture: Display: Building textures: mremireh_shoe_normal (BC5, 512X512)
[2018.10.29-20.23.05:253][  0]LogTexture: Display: Building textures: mremireh_body_specular (AutoDXT, 2048X2048)
[2018.10.29-20.23.05:253][  0]LogTexture: Display: Building textures: mremireh_body__diffuse (AutoDXT, 2048X2048)
[2018.10.29-20.23.05:253][  0]LogTexture: Display: Building textures: maria_diffuse (AutoDXT, 2048X2048)
[2018.10.29-20.23.08:534][  0]LogTexture: Display: Building textures: maria_normal (BC5, 2048X2048)
[2018.10.29-20.23.08:534][  0]LogTexture: Display: Building textures: maria_specular (AutoDXT, 2048X2048)
[2018.10.29-20.23.08:534][  0]LogTexture: Display: Building textures: mremireh_body_normal (BC5, 2048X2048)
[2018.10.29-20.23.08:625][  0]LogMaterial: Display: Missing cached shader map for material MariaMat, compiling. 
[2018.10.29-20.23.08:699][  0]LogSkeletalMesh: Building Skeletal Mesh hero...
[2018.10.29-20.23.08:720][  0]LogShaderCompilers: Display: Shaders left to compile 60
[2018.10.29-20.23.08:720][  0]LogShaderCompilers: Display: Shaders left to compile 50
[2018.10.29-20.23.08:720][  0]LogShaderCompilers: Display: Shaders left to compile 40
[2018.10.29-20.23.08:720][  0]LogShaderCompilers: Display: Shaders left to compile 30
[2018.10.29-20.23.08:720][  0]LogShaderCompilers: Display: Shaders left to compile 20
[2018.10.29-20.23.08:720][  0]LogSkeletalMesh: Built Skeletal Mesh [0.02s] /Game/myStuff/guys/Hero/skelMesh/hero.hero
[2018.10.29-20.23.08:723][  0]LogAnimationCompression: Building Anim DDC data for AnimSequence /Game/myStuff/guys/Hero/animations/h_running.h_running
[2018.10.29-20.23.08:724][  0]LogAnimationCompression: Recompressing (AnimSequence /Game/myStuff/guys/Hero/animations/h_running.h_running) using current/default (AnimCompress_BitwiseCompressOnly_0) bFirstRecompressUsingCurrentOrDefault(1) bTryAlternateCompressor(0) IsCompressedDataValid(0)
[2018.10.29-20.23.08:759][  0]LogAnimationCompression: Building Anim DDC data for AnimSequence /Game/myStuff/guys/Hero/animations/h_idle.h_idle
[2018.10.29-20.23.08:759][  0]LogAnimationCompression: Recompressing (AnimSequence /Game/myStuff/guys/Hero/animations/h_idle.h_idle) using current/default (AnimCompress_BitwiseCompressOnly_0) bFirstRecompressUsingCurrentOrDefault(1) bTryAlternateCompressor(0) IsCompressedDataValid(0)
[2018.10.29-20.23.08:782][  0]LogAnimationCompression: Building Anim DDC data for AnimSequence /Game/myStuff/guys/Hero/animations/h_death.h_death
[2018.10.29-20.23.08:782][  0]LogAnimationCompression: Recompressing (AnimSequence /Game/myStuff/guys/Hero/animations/h_death.h_death) using current/default (AnimCompress_BitwiseCompressOnly_0) bFirstRecompressUsingCurrentOrDefault(1) bTryAlternateCompressor(0) IsCompressedDataValid(0)
[2018.10.29-20.23.08:784][  0]LogAnimationCompression: Building Anim DDC data for AnimSequence /Game/myStuff/guys/Hero/animations/h_attack.h_attack
[2018.10.29-20.23.08:785][  0]LogAnimationCompression: Recompressing (AnimSequence /Game/myStuff/guys/Hero/animations/h_attack.h_attack) using current/default (AnimCompress_BitwiseCompressOnly_1) bFirstRecompressUsingCurrentOrDefault(1) bTryAlternateCompressor(0) IsCompressedDataValid(0)
[2018.10.29-20.23.08:914][  0]LogMaterial: Display: Missing cached shader map for material emireh_shoe_material, compiling. 
[2018.10.29-20.23.08:945][  0]LogMaterial: Display: Missing cached shader map for material emireh_body_material, compiling. 
[2018.10.29-20.23.08:971][  0]LogSkeletalMesh: Building Skeletal Mesh z_skel...
[2018.10.29-20.23.08:976][  0]LogSkeletalMesh: Built Skeletal Mesh [0.00s] /Game/myStuff/guys/zombie/skelMesh/z_skel.z_skel
[2018.10.29-20.23.09:057][  0]LogAnimationCompression: Building Anim DDC data for AnimSequence /Game/myStuff/guys/zombie/animations/z_attack.z_attack
[2018.10.29-20.23.09:057][  0]LogAnimationCompression: Recompressing (AnimSequence /Game/myStuff/guys/zombie/animations/z_attack.z_attack) using current/default (AnimCompress_BitwiseCompressOnly_1) bFirstRecompressUsingCurrentOrDefault(1) bTryAlternateCompressor(0) IsCompressedDataValid(0)
[2018.10.29-20.23.09:178][  0]LogAnimationCompression: Building Anim DDC data for AnimSequence /Game/myStuff/guys/zombie/animations/z_running.z_running
[2018.10.29-20.23.09:178][  0]LogAnimationCompression: Recompressing (AnimSequence /Game/myStuff/guys/zombie/animations/z_running.z_running) using current/default (AnimCompress_BitwiseCompressOnly_0) bFirstRecompressUsingCurrentOrDefault(1) bTryAlternateCompressor(0) IsCompressedDataValid(0)
[2018.10.29-20.23.09:180][  0]LogAnimationCompression: Building Anim DDC data for AnimSequence /Game/myStuff/guys/zombie/animations/z_dying.z_dying
[2018.10.29-20.23.09:180][  0]LogAnimationCompression: Recompressing (AnimSequence /Game/myStuff/guys/zombie/animations/z_dying.z_dying) using current/default (AnimCompress_BitwiseCompressOnly_0) bFirstRecompressUsingCurrentOrDefault(1) bTryAlternateCompressor(0) IsCompressedDataValid(0)
[2018.10.29-20.23.09:327][  0]LogAnimationCompression: Building Anim DDC data for AnimSequence /Game/myStuff/guys/zombie/animations/z_idle.z_idle
[2018.10.29-20.23.09:327][  0]LogAnimationCompression: Recompressing (AnimSequence /Game/myStuff/guys/zombie/animations/z_idle.z_idle) using current/default (AnimCompress_BitwiseCompressOnly_0) bFirstRecompressUsingCurrentOrDefault(1) bTryAlternateCompressor(0) IsCompressedDataValid(0)
[2018.10.29-20.23.09:341][  0]LogAIModule: Creating AISystem for world ThirdPersonExampleMap
[2018.10.29-20.23.09:402][  0]LogEditorServer: Finished looking for orphan Actors (0.000 secs)
[2018.10.29-20.23.09:450][  0]Cmd: MAP CHECKDEP NOCLEARLOG
[2018.10.29-20.23.09:541][  0]MapCheck: Map check complete: 0 Error(s), 0 Warning(s), took 90.9ms to complete.
[2018.10.29-20.23.09:551][  0]LogFileHelpers: Loading map 'ThirdPersonExampleMap' took 5.508
[2018.10.29-20.23.09:742][  0]LogSlate: Updating window title bar state: overlay mode, drag disabled, window buttons hidden, title bar hidden
[2018.10.29-20.23.09:753][  0]LogSlate: Updating window title bar state: overlay mode, drag disabled, window buttons hidden, title bar hidden
[2018.10.29-20.23.09:763][  0]LogSlate: Updating window title bar state: overlay mode, drag disabled, window buttons hidden, title bar hidden
[2018.10.29-20.23.09:774][  0]LogSlate: Updating window title bar state: overlay mode, drag disabled, window buttons hidden, title bar hidden
[2018.10.29-20.23.09:793][  0]LogCollectionManager: Loaded 0 collections in 0.001854 seconds
[2018.10.29-20.23.09:854][  0]LogFileCache: Scanning file cache for directory 'C:/tps/hackSlashExample/Saved/Collections/' took 0.01s
[2018.10.29-20.23.09:854][  0]LogFileCache: Scanning file cache for directory 'C:/tps/hackSlashExample/Content/Developers/User/Collections/' took 0.01s
[2018.10.29-20.23.09:854][  0]LogFileCache: Scanning file cache for directory 'C:/tps/hackSlashExample/Content/Collections/' took 0.01s
[2018.10.29-20.23.09:854][  0]LogCollectionManager: Rebuilt the GUID cache for 0 collections in 0.000001 seconds
[2018.10.29-20.23.09:869][  0]LogContentBrowser: Native class hierarchy populated in 0.0140 seconds. Added 2572 classes and 603 folders.
[2018.10.29-20.23.09:886][  0]LogContentBrowser: Native class hierarchy updated for 'WidgetCarousel' in 0.0002 seconds. Added 0 classes and 0 folders.
[2018.10.29-20.23.10:029][  0]LogContentBrowser: Native class hierarchy updated for 'AddContentDialog' in 0.0003 seconds. Added 0 classes and 0 folders.
[2018.10.29-20.23.10:042][  0]LogContentBrowser: Native class hierarchy updated for 'SceneOutliner' in 0.0003 seconds. Added 1 classes and 2 folders.
[2018.10.29-20.23.10:105][  0]LogSlate: Took 0.001214 seconds to synchronously load lazily loaded font '../../../Engine/Content/Slate/Fonts/Roboto-Regular.ttf' (155K)
[2018.10.29-20.23.10:111][  0]LogSlate: Took 0.001463 seconds to synchronously load lazily loaded font '../../../Engine/Content/Slate/Fonts/Roboto-Bold.ttf' (160K)
[2018.10.29-20.23.10:119][  0]LogSlate: Took 0.001253 seconds to synchronously load lazily loaded font '../../../Engine/Content/Editor/Slate/Fonts/FontAwesome.ttf' (139K)
[2018.10.29-20.23.10:252][  0]LogRenderer: Reallocating scene render targets to support 1208x576 Format 10 NumSamples 1 (Frame:1).
[2018.10.29-20.23.10:705][  0]LogSlate: FSceneViewport::OnFocusLost() reason 2
[2018.10.29-20.23.10:730][  0]LogSlate: Window 'Tutorials' being destroyed
[2018.10.29-20.23.10:769][  0]LogContentBrowser: Native class hierarchy updated for 'HierarchicalLODOutliner' in 0.0003 seconds. Added 0 classes and 0 folders.
[2018.10.29-20.23.10:769][  0]LogLoad: (Engine Initialization) Total time: 20.65 seconds
[2018.10.29-20.23.10:769][  0]LogLoad: (Engine Initialization) Total Blueprint compile time: 0.00 seconds
[2018.10.29-20.23.10:782][  0]LogWindowsTextInputMethodSystem: Display: IME system now deactivated.
[2018.10.29-20.23.10:819][  0]LogContentStreaming: Texture pool size now 3000 MB
[2018.10.29-20.23.10:847][  0]LogSlate: Took 0.001072 seconds to synchronously load lazily loaded font '../../../Engine/Content/Slate/Fonts/Roboto-Light.ttf' (167K)
[2018.10.29-20.23.10:907][  2]LogAssetRegistry: Asset discovery search completed in 12.7907 seconds
[2018.10.29-20.23.10:910][  2]LogCollectionManager: Rebuilt the object cache for 0 collections in 0.000001 seconds (found 0 objects)
[2018.10.29-20.23.10:910][  2]LogCollectionManager: Fixed up redirectors for 0 collections in 0.000076 seconds (updated 0 objects)
[2018.10.29-20.23.11:242][ 22]LogShaderCompilers: Display: Shaders left to compile 130
[2018.10.29-20.23.11:775][ 52]LogShaderCompilers: Display: Shaders left to compile 120
[2018.10.29-20.23.12:572][ 95]LogShaderCompilers: Display: Shaders left to compile 110
[2018.10.29-20.23.12:677][101]LogShaderCompilers: Display: Shaders left to compile 100
[2018.10.29-20.23.13:807][161]LogShaderCompilers: Display: Shaders left to compile 90
[2018.10.29-20.23.14:264][186]LogShaderCompilers: Display: Shaders left to compile 80
[2018.10.29-20.23.14:844][217]LogShaderCompilers: Display: Shaders left to compile 70
[2018.10.29-20.23.15:567][256]LogShaderCompilers: Display: Shaders left to compile 60
[2018.10.29-20.23.16:303][295]LogShaderCompilers: Display: Shaders left to compile 50
[2018.10.29-20.23.16:748][319]LogShaderCompilers: Display: Shaders left to compile 40
[2018.10.29-20.23.17:309][349]LogShaderCompilers: Display: Shaders left to compile 30
[2018.10.29-20.23.17:630][366]LogShaderCompilers: Display: Shaders left to compile 20
[2018.10.29-20.23.18:892][433]LogShaderCompilers: Display: Shaders left to compile 10
[2018.10.29-20.23.21:724][571]LogSlate: FSceneViewport::OnFocusLost() reason 0
[2018.10.29-20.23.21:846][584]LogTemp: Repeating last play command: Selected Viewport
[2018.10.29-20.23.21:868][584]LogBlueprintUserMessages: Early PlayInEditor Detection: Level '/Game/ThirdPersonBP/Maps/ThirdPersonExampleMap.ThirdPersonExampleMap:PersistentLevel' has LevelScriptBlueprint '/Game/ThirdPersonBP/Maps/ThirdPersonExampleMap.ThirdPersonExampleMap:PersistentLevel.ThirdPersonExampleMap' with GeneratedClass '/Game/ThirdPersonBP/Maps/ThirdPersonExampleMap.ThirdPersonExampleMap_C' with ClassGeneratedBy '/Game/ThirdPersonBP/Maps/ThirdPersonExampleMap.ThirdPersonExampleMap:PersistentLevel.ThirdPersonExampleMap'
[2018.10.29-20.23.21:870][584]LogPlayLevel: PlayLevel: No blueprints needed recompiling
[2018.10.29-20.23.21:899][584]PIE: New page: PIE session: ThirdPersonExampleMap (Oct 29, 2018, 6:23:21 AM)
[2018.10.29-20.23.21:900][584]LogPlayLevel: Creating play world package: /Game/ThirdPersonBP/Maps/UEDPIE_0_ThirdPersonExampleMap
[2018.10.29-20.23.21:919][584]LogPlayLevel: PIE: StaticDuplicateObject took: (0.019291s)
[2018.10.29-20.23.21:919][584]LogAIModule: Creating AISystem for world ThirdPersonExampleMap
[2018.10.29-20.23.21:920][584]LogPlayLevel: PIE: World Init took: (0.000959s)
[2018.10.29-20.23.21:920][584]LogPlayLevel: PIE: Created PIE world by copying editor world from /Game/ThirdPersonBP/Maps/ThirdPersonExampleMap.ThirdPersonExampleMap to /Game/ThirdPersonBP/Maps/UEDPIE_0_ThirdPersonExampleMap.ThirdPersonExampleMap (0.020464s)
[2018.10.29-20.23.21:943][584]LogInit: XAudio2 using 'Speakers / Headphones (Realtek Audio)' : 2 channels at 48 kHz using 32 bits per sample (channel mask 0x3)
[2018.10.29-20.23.21:956][584]LogInit: FAudioDevice initialized.
[2018.10.29-20.23.22:006][584]LogLoad: Game class is 'ThirdPersonGameMode_C'
[2018.10.29-20.23.22:014][584]LogWorld: Bringing World /Game/ThirdPersonBP/Maps/UEDPIE_0_ThirdPersonExampleMap.ThirdPersonExampleMap up for play (max tick rate 0) at 2018.10.29-13.23.22
[2018.10.29-20.23.22:027][584]LogWorld: Bringing up level for play took: 0.014862
[2018.10.29-20.23.22:053][584]LogContentBrowser: Native class hierarchy updated for 'MovieSceneCapture' in 0.0003 seconds. Added 10 classes and 0 folders.
[2018.10.29-20.23.22:060][584]PIE: Play in editor start time for /Game/ThirdPersonBP/Maps/UEDPIE_0_ThirdPersonExampleMap 0.495
[2018.10.29-20.23.22:060][584]LogBlueprintUserMessages: Late PlayInEditor Detection: Level '/Game/ThirdPersonBP/Maps/ThirdPersonExampleMap.ThirdPersonExampleMap:PersistentLevel' has LevelScriptBlueprint '/Game/ThirdPersonBP/Maps/ThirdPersonExampleMap.ThirdPersonExampleMap:PersistentLevel.ThirdPersonExampleMap' with GeneratedClass '/Game/ThirdPersonBP/Maps/ThirdPersonExampleMap.ThirdPersonExampleMap_C' with ClassGeneratedBy '/Game/ThirdPersonBP/Maps/ThirdPersonExampleMap.ThirdPersonExampleMap:PersistentLevel.ThirdPersonExampleMap'
[2018.10.29-20.23.24:023][679]LogBlueprintUserMessages: [Hero_C_0] attack end
[2018.10.29-20.23.24:024][679]LogBlueprintUserMessages: [h_anim_bp_C_0] attack end
[2018.10.29-20.23.25:494][757]LogBlueprintUserMessages: [zombie_2] attack end
[2018.10.29-20.23.28:549][911]LogBlueprintUserMessages: [zombie_2] attack end
[2018.10.29-20.23.30:146][993]LogBlueprintUserMessages: [Hero_C_0] attack end
[2018.10.29-20.23.30:146][993]LogBlueprintUserMessages: [h_anim_bp_C_0] attack end
[2018.10.29-20.23.31:086][ 40]LogBlueprintUserMessages: [zombie_2] attack end
[2018.10.29-20.23.32:328][105]LogBlueprintUserMessages: [Hero_C_0] attack end
[2018.10.29-20.23.32:328][105]LogBlueprintUserMessages: [h_anim_bp_C_0] attack end
[2018.10.29-20.23.34:141][196]LogBlueprintUserMessages: [zombie_2] attack end
[2018.10.29-20.23.36:023][289]LogBlueprintUserMessages: [Hero_C_0] attack end
[2018.10.29-20.23.36:023][289]LogBlueprintUserMessages: [h_anim_bp_C_0] attack end
[2018.10.29-20.23.38:201][397]LogBlueprintUserMessages: [Hero_C_0] attack end
[2018.10.29-20.23.38:201][397]LogBlueprintUserMessages: [h_anim_bp_C_0] attack end
[2018.10.29-20.23.39:718][472]LogBlueprintUserMessages: [Hero_C_0] attack end
[2018.10.29-20.23.39:718][472]LogBlueprintUserMessages: [h_anim_bp_C_0] attack end
[2018.10.29-20.23.41:196][545]LogBlueprintUserMessages: [Hero_C_0] attack end
[2018.10.29-20.23.41:196][545]LogBlueprintUserMessages: [h_anim_bp_C_0] attack end
[2018.10.29-20.23.42:472][608]LogBlueprintUserMessages: [Hero_C_0] attack end
[2018.10.29-20.23.42:472][608]LogBlueprintUserMessages: [h_anim_bp_C_0] attack end
[2018.10.29-20.23.43:728][670]LogBlueprintUserMessages: [Hero_C_0] attack end
[2018.10.29-20.23.43:728][670]LogBlueprintUserMessages: [h_anim_bp_C_0] attack end
[2018.10.29-20.23.45:144][740]LogBlueprintUserMessages: [Hero_C_0] attack end
[2018.10.29-20.23.45:144][740]LogBlueprintUserMessages: [h_anim_bp_C_0] attack end
[2018.10.29-20.23.47:082][836]LogBlueprintUserMessages: [Hero_C_0] attack end
[2018.10.29-20.23.47:082][836]LogBlueprintUserMessages: [h_anim_bp_C_0] attack end
[2018.10.29-20.23.48:011][863]LogBlueprintUserMessages: Early EndPlayMap Detection: Level '/Game/ThirdPersonBP/Maps/ThirdPersonExampleMap.ThirdPersonExampleMap:PersistentLevel' has LevelScriptBlueprint '/Game/ThirdPersonBP/Maps/ThirdPersonExampleMap.ThirdPersonExampleMap:PersistentLevel.ThirdPersonExampleMap' with GeneratedClass '/Game/ThirdPersonBP/Maps/ThirdPersonExampleMap.ThirdPersonExampleMap_C' with ClassGeneratedBy '/Game/ThirdPersonBP/Maps/ThirdPersonExampleMap.ThirdPersonExampleMap:PersistentLevel.ThirdPersonExampleMap'
[2018.10.29-20.23.48:013][863]LogSlate: Updating window title bar state: overlay mode, drag disabled, window buttons hidden, title bar hidden
[2018.10.29-20.23.48:047][863]LogPlayLevel: Display: Shutting down PIE online subsystems
[2018.10.29-20.23.48:047][863]LogBlueprintUserMessages: Late EndPlayMap Detection: Level '/Game/ThirdPersonBP/Maps/ThirdPersonExampleMap.ThirdPersonExampleMap:PersistentLevel' has LevelScriptBlueprint '/Game/ThirdPersonBP/Maps/ThirdPersonExampleMap.ThirdPersonExampleMap:PersistentLevel.ThirdPersonExampleMap' with GeneratedClass '/Game/ThirdPersonBP/Maps/ThirdPersonExampleMap.ThirdPersonExampleMap_C' with ClassGeneratedBy '/Game/ThirdPersonBP/Maps/ThirdPersonExampleMap.ThirdPersonExampleMap:PersistentLevel.ThirdPersonExampleMap'
[2018.10.29-20.23.48:071][863]LogSlate: Updating window title bar state: overlay mode, drag disabled, window buttons hidden, title bar hidden
[2018.10.29-20.23.48:086][864]LogPlayLevel: Display: Destroying online subsystem :Context_1
[2018.10.29-20.23.49:638][936]LogSlate: FSceneViewport::OnFocusLost() reason 0
[2018.10.29-20.24.29:172][483]LogSlate: Window 'hackSlashExample - Unreal Editor' being destroyed
[2018.10.29-20.24.29:173][483]LogWindowsTextInputMethodSystem: Display: IME system now deactivated.
[2018.10.29-20.24.29:355][484]Cmd: QUIT_EDITOR
[2018.10.29-20.24.30:391][484]LogExit: Preparing to exit.
[2018.10.29-20.24.31:472][484]LogExit: Editor shut down
[2018.10.29-20.24.31:472][484]LogExit: Transaction tracking system shut down
[2018.10.29-20.24.31:747][484]LogExit: Object subsystem successfully closed.
[2018.10.29-20.24.31:780][484]LogShaderCompilers: Display: Shaders left to compile 0
[2018.10.29-20.24.31:783][484]LogD3D11RHI: Shutdown
[2018.10.29-20.24.31:783][484]LogD3D11RHI: CleanupD3DDevice
[2018.10.29-20.24.31:788][484]LogD3D11RHI: ~FD3D11DynamicRHI
[2018.10.29-20.24.31:830][484]LogModuleManager: Shutting down and abandoning module MovieSceneCapture (614)
[2018.10.29-20.24.31:830][484]LogModuleManager: Shutting down and abandoning module Voice (612)
[2018.10.29-20.24.31:831][484]LogModuleManager: Shutting down and abandoning module HierarchicalLODOutliner (610)
[2018.10.29-20.24.31:831][484]LogModuleManager: Shutting down and abandoning module SceneOutliner (608)
[2018.10.29-20.24.31:831][484]LogModuleManager: Shutting down and abandoning module AddContentDialog (606)
[2018.10.29-20.24.31:831][484]LogModuleManager: Shutting down and abandoning module WidgetCarousel (605)
[2018.10.29-20.24.31:831][484]LogModuleManager: Shutting down and abandoning module EditorWidgets (602)
[2018.10.29-20.24.31:831][484]LogModuleManager: Shutting down and abandoning module CollectionManager (600)
[2018.10.29-20.24.31:831][484]LogModuleManager: Shutting down and abandoning module StatsViewer (598)
[2018.10.29-20.24.31:832][484]LogModuleManager: Shutting down and abandoning module FoliageEdit (596)
[2018.10.29-20.24.31:832][484]LogModuleManager: Shutting down and abandoning module LandscapeEditor (594)
[2018.10.29-20.24.31:833][484]LogModuleManager: Shutting down and abandoning module MeshPaintMode (592)
[2018.10.29-20.24.31:834][484]LogModuleManager: Shutting down and abandoning module SceneDepthPickerMode (590)
[2018.10.29-20.24.31:834][484]LogModuleManager: Shutting down and abandoning module ActorPickerMode (588)
[2018.10.29-20.24.31:834][484]LogModuleManager: Shutting down and abandoning module GeometryMode (586)
[2018.10.29-20.24.31:834][484]LogModuleManager: Shutting down and abandoning module TextureAlignMode (584)
[2018.10.29-20.24.31:834][484]LogModuleManager: Shutting down and abandoning module BspMode (582)
[2018.10.29-20.24.31:834][484]LogModuleManager: Shutting down and abandoning module PIEPreviewDeviceProfileSelector (580)
[2018.10.29-20.24.31:834][484]LogModuleManager: Shutting down and abandoning module SequenceRecorderSections (578)
[2018.10.29-20.24.31:834][484]LogModuleManager: Shutting down and abandoning module AutomationWorker (576)
[2018.10.29-20.24.31:834][484]LogModuleManager: Shutting down and abandoning module AudioCaptureEditor (574)
[2018.10.29-20.24.31:834][484]LogModuleManager: Shutting down and abandoning module SequenceRecorder (573)
[2018.10.29-20.24.31:834][484]LogModuleManager: Shutting down and abandoning module MatineeToLevelSequence (570)
[2018.10.29-20.24.31:834][484]LogModuleManager: Shutting down and abandoning module LevelSequenceEditor (568)
[2018.10.29-20.24.31:836][484]LogModuleManager: Shutting down and abandoning module PlacementMode (567)
[2018.10.29-20.24.31:836][484]LogModuleManager: Shutting down and abandoning module MaterialEditor (566)
[2018.10.29-20.24.31:838][484]LogModuleManager: Shutting down and abandoning module WmfMediaFactory (562)
[2018.10.29-20.24.31:838][484]LogModuleManager: Shutting down and abandoning module WmfMediaEditor (560)
[2018.10.29-20.24.31:838][484]LogModuleManager: Shutting down and abandoning module MediaPlayerEditor (558)
[2018.10.29-20.24.31:839][484]LogModuleManager: Shutting down and abandoning module OpenExrWrapper (556)
[2018.10.29-20.24.31:839][484]LogModuleManager: Shutting down and abandoning module ImgMediaFactory (554)
[2018.10.29-20.24.31:839][484]LogModuleManager: Shutting down and abandoning module ImgMediaEditor (552)
[2018.10.29-20.24.31:839][484]LogModuleManager: Shutting down and abandoning module AvfMediaFactory (550)
[2018.10.29-20.24.31:839][484]LogModuleManager: Shutting down and abandoning module AvfMediaEditor (548)
[2018.10.29-20.24.31:839][484]LogModuleManager: Shutting down and abandoning module AndroidMediaFactory (546)
[2018.10.29-20.24.31:839][484]LogModuleManager: Shutting down and abandoning module AndroidMediaEditor (544)
[2018.10.29-20.24.31:839][484]LogModuleManager: Shutting down and abandoning module MagicLeapCameraPreviewFactory (542)
[2018.10.29-20.24.31:839][484]LogModuleManager: Shutting down and abandoning module MagicLeapMediaFactory (540)
[2018.10.29-20.24.31:839][484]LogModuleManager: Shutting down and abandoning module MagicLeapMediaEditor (538)
[2018.10.29-20.24.31:839][484]LogModuleManager: Shutting down and abandoning module CharacterAI (536)
[2018.10.29-20.24.31:839][484]LogModuleManager: Shutting down and abandoning module SmartSnapping (534)
[2018.10.29-20.24.31:839][484]LogModuleManager: Shutting down and abandoning module SessionServices (532)
[2018.10.29-20.24.31:839][484]LogModuleManager: Shutting down and abandoning module ViewportSnapping (530)
[2018.10.29-20.24.31:839][484]LogModuleManager: Shutting down and abandoning module ViewportInteraction (528)
[2018.10.29-20.24.31:839][484]LogModuleManager: Shutting down and abandoning module ClothPainter (526)
[2018.10.29-20.24.31:840][484]LogModuleManager: Shutting down and abandoning module SkeletalMeshEditor (525)
[2018.10.29-20.24.31:841][484]LogModuleManager: Shutting down and abandoning module LogVisualizer (522)
[2018.10.29-20.24.31:841][484]LogModuleManager: Shutting down and abandoning module IntroTutorials (520)
[2018.10.29-20.24.31:841][484]LogModuleManager: Shutting down and abandoning module GameProjectGeneration (519)
[2018.10.29-20.24.31:842][484]LogModuleManager: Shutting down and abandoning module LuminPlatformEditor (516)
[2018.10.29-20.24.31:842][484]LogModuleManager: Shutting down and abandoning module IOSPlatformEditor (514)
[2018.10.29-20.24.31:842][484]LogModuleManager: Shutting down and abandoning module HTML5PlatformEditor (512)
[2018.10.29-20.24.31:842][484]LogModuleManager: Shutting down and abandoning module AndroidPlatformEditor (510)
[2018.10.29-20.24.31:842][484]LogModuleManager: Shutting down and abandoning module AndroidDeviceDetection (509)
[2018.10.29-20.24.32:542][484]LogModuleManager: Shutting down and abandoning module WindowsPlatformEditor (506)
[2018.10.29-20.24.32:542][484]LogModuleManager: Shutting down and abandoning module LuminRuntimeSettings (504)
[2018.10.29-20.24.32:542][484]LogModuleManager: Shutting down and abandoning module IOSRuntimeSettings (502)
[2018.10.29-20.24.32:542][484]LogModuleManager: Shutting down and abandoning module AndroidRuntimeSettings (500)
[2018.10.29-20.24.32:542][484]LogModuleManager: Shutting down and abandoning module InputBindingEditor (498)
[2018.10.29-20.24.32:544][484]LogModuleManager: Shutting down and abandoning module MergeActors (496)
[2018.10.29-20.24.32:544][484]LogModuleManager: Shutting down and abandoning module LocalizationDashboard (494)
[2018.10.29-20.24.32:544][484]LogModuleManager: Shutting down and abandoning module LocalizationService (493)
[2018.10.29-20.24.32:544][484]LogModuleManager: Shutting down and abandoning module HardwareTargeting (490)
[2018.10.29-20.24.32:544][484]LogModuleManager: Shutting down and abandoning module DeviceProfileEditor (488)
[2018.10.29-20.24.32:544][484]LogModuleManager: Shutting down and abandoning module UndoHistory (486)
[2018.10.29-20.24.32:544][484]LogModuleManager: Shutting down and abandoning module XmlParser (484)
[2018.10.29-20.24.32:544][484]LogModuleManager: Shutting down and abandoning module Blutility (482)
[2018.10.29-20.24.32:544][484]LogModuleManager: Shutting down and abandoning module ProjectSettingsViewer (480)
[2018.10.29-20.24.32:544][484]LogModuleManager: Shutting down and abandoning module ProjectTargetPlatformEditor (479)
[2018.10.29-20.24.32:544][484]LogModuleManager: Shutting down and abandoning module EditorSettingsViewer (476)
[2018.10.29-20.24.32:544][484]LogModuleManager: Shutting down and abandoning module SettingsEditor (474)
[2018.10.29-20.24.32:546][484]LogModuleManager: Shutting down and abandoning module ProjectLauncher (472)
[2018.10.29-20.24.32:546][484]LogModuleManager: Shutting down and abandoning module SessionFrontend (470)
[2018.10.29-20.24.32:546][484]LogModuleManager: Shutting down and abandoning module ProfilerClient (468)
[2018.10.29-20.24.32:546][484]LogModuleManager: Shutting down and abandoning module DeviceManager (466)
[2018.10.29-20.24.32:546][484]LogModuleManager: Shutting down and abandoning module TargetDeviceServices (465)
[2018.10.29-20.24.32:609][484]LogModuleManager: Shutting down and abandoning module AutomationController (462)
[2018.10.29-20.24.32:609][484]LogModuleManager: Shutting down and abandoning module AutomationWindow (460)
[2018.10.29-20.24.32:610][484]LogModuleManager: Shutting down and abandoning module Layers (458)
[2018.10.29-20.24.32:613][484]LogModuleManager: Shutting down and abandoning module ComponentVisualizers (456)
[2018.10.29-20.24.32:613][484]LogModuleManager: Shutting down and abandoning module DetailCustomizations (454)
[2018.10.29-20.24.32:613][484]LogModuleManager: Shutting down and abandoning module PackagesDialog (452)
[2018.10.29-20.24.32:614][484]LogModuleManager: Shutting down and abandoning module Persona (450)
[2018.10.29-20.24.32:616][484]LogModuleManager: Shutting down and abandoning module AdvancedPreviewScene (449)
[2018.10.29-20.24.32:616][484]LogModuleManager: Shutting down and abandoning module AnimGraph (447)
[2018.10.29-20.24.32:616][484]LogModuleManager: Shutting down and abandoning module Kismet (444)
[2018.10.29-20.24.32:618][484]LogModuleManager: Shutting down and abandoning module GraphEditor (442)
[2018.10.29-20.24.32:621][484]LogModuleManager: Shutting down and abandoning module ClassViewer (440)
[2018.10.29-20.24.32:621][484]LogModuleManager: Shutting down and abandoning module Toolbox (438)
[2018.10.29-20.24.32:621][484]LogModuleManager: Shutting down and abandoning module ModuleUI (436)
[2018.10.29-20.24.32:621][484]LogModuleManager: Shutting down and abandoning module MovieSceneTools (434)
[2018.10.29-20.24.32:623][484]LogModuleManager: Shutting down and abandoning module OutputLog (432)
[2018.10.29-20.24.32:623][484]LogModuleManager: Shutting down and abandoning module GammaUI (430)
[2018.10.29-20.24.32:624][484]LogModuleManager: Shutting down and abandoning module Documentation (428)
[2018.10.29-20.24.32:624][484]LogModuleManager: Shutting down and abandoning module MovieSceneTracks (426)
[2018.10.29-20.24.32:624][484]LogModuleManager: Shutting down and abandoning module MovieScene (424)
[2018.10.29-20.24.32:624][484]LogModuleManager: Shutting down and abandoning module StreamingPauseRendering (422)
[2018.10.29-20.24.32:624][484]LogModuleManager: Shutting down and abandoning module LauncherPlatform (420)
[2018.10.29-20.24.32:624][484]LogModuleManager: Shutting down and abandoning module AnalyticsET (418)
[2018.10.29-20.24.32:624][484]LogModuleManager: Shutting down and abandoning module PortalServices (416)
[2018.10.29-20.24.32:624][484]LogModuleManager: Shutting down and abandoning module PortalRpc (414)
[2018.10.29-20.24.32:624][484]LogModuleManager: Shutting down and abandoning module MessagingRpc (412)
[2018.10.29-20.24.32:624][484]LogModuleManager: Shutting down and abandoning module AIModule (410)
[2018.10.29-20.24.32:624][484]LogModuleManager: Shutting down and abandoning module GameplayDebugger (409)
[2018.10.29-20.24.32:624][484]LogModuleManager: Shutting down and abandoning module AITestSuite (407)
[2018.10.29-20.24.32:624][484]LogModuleManager: Shutting down and abandoning module NavigationSystem (405)
[2018.10.29-20.24.32:624][484]LogModuleManager: Shutting down and abandoning module DesktopPlatform (402)
[2018.10.29-20.24.32:624][484]LogModuleManager: Shutting down and abandoning module ProfilerService (400)
[2018.10.29-20.24.32:669][484]LogModuleManager: Shutting down and abandoning module TaskGraph (398)
[2018.10.29-20.24.32:669][484]LogModuleManager: Shutting down and abandoning module SteamVRController (396)
[2018.10.29-20.24.32:669][484]LogModuleManager: Shutting down and abandoning module ProceduralMeshComponentEditor (394)
[2018.10.29-20.24.32:669][484]LogModuleManager: Shutting down and abandoning module ProceduralMeshComponent (392)
[2018.10.29-20.24.32:669][484]LogModuleManager: Shutting down and abandoning module OculusInput (390)
[2018.10.29-20.24.32:669][484]LogModuleManager: Shutting down and abandoning module MobilePatchingUtils (388)
[2018.10.29-20.24.32:669][484]LogModuleManager: Shutting down and abandoning module EditableMesh (386)
[2018.10.29-20.24.32:670][484]LogModuleManager: Shutting down and abandoning module CustomMeshComponent (384)
[2018.10.29-20.24.32:671][484]LogModuleManager: Shutting down and abandoning module CableComponent (382)
[2018.10.29-20.24.32:671][484]LogModuleManager: Shutting down and abandoning module AudioCapture (380)
[2018.10.29-20.24.32:671][484]LogModuleManager: Shutting down and abandoning module ArchVisCharacter (378)
[2018.10.29-20.24.32:671][484]LogModuleManager: Shutting down and abandoning module AndroidPermission (376)
[2018.10.29-20.24.32:671][484]LogModuleManager: Shutting down and abandoning module NUTUnrealEngine4 (374)
[2018.10.29-20.24.32:671][484]LogModuleManager: Shutting down and abandoning module NetcodeUnitTest (372)
[2018.10.29-20.24.32:672][484]LogModuleManager: Shutting down and abandoning module MediaCompositingEditor (370)
[2018.10.29-20.24.32:672][484]LogModuleManager: Shutting down and abandoning module MediaCompositing (368)
[2018.10.29-20.24.32:673][484]LogModuleManager: Shutting down and abandoning module LinearTimecode (366)
[2018.10.29-20.24.32:673][484]LogModuleManager: Shutting down and abandoning module ImgMedia (364)
[2018.10.29-20.24.32:683][484]LogModuleManager: Shutting down and abandoning module HTML5Networking (362)
[2018.10.29-20.24.32:683][484]LogModuleManager: Shutting down and abandoning module GeometryCacheTracks (360)
[2018.10.29-20.24.32:683][484]LogModuleManager: Shutting down and abandoning module GeometryCacheSequencer (358)
[2018.10.29-20.24.32:683][484]LogModuleManager: Shutting down and abandoning module BackChannel (356)
[2018.10.29-20.24.32:683][484]LogModuleManager: Shutting down and abandoning module AppleVision (354)
[2018.10.29-20.24.32:683][484]LogModuleManager: Shutting down and abandoning module AppleImageUtils (352)
[2018.10.29-20.24.32:683][484]LogModuleManager: Shutting down and abandoning module AlembicImporter (350)
[2018.10.29-20.24.32:683][484]LogModuleManager: Shutting down and abandoning module AlembicLibrary (349)
[2018.10.29-20.24.32:684][484]LogModuleManager: Shutting down and abandoning module GeometryCache (348)
[2018.10.29-20.24.32:684][484]LogModuleManager: Shutting down and abandoning module GeometryCacheEd (347)
[2018.10.29-20.24.32:684][484]LogModuleManager: Shutting down and abandoning module DatasmithContentEditor (342)
[2018.10.29-20.24.32:684][484]LogModuleManager: Shutting down and abandoning module DatasmithContent (340)
[2018.10.29-20.24.32:686][484]LogModuleManager: Shutting down and abandoning module SpeedTreeImporter (338)
[2018.10.29-20.24.32:686][484]LogModuleManager: Shutting down and abandoning module PluginBrowser (336)
[2018.10.29-20.24.32:689][484]LogModuleManager: Shutting down and abandoning module MobileLauncherProfileWizard (334)
[2018.10.29-20.24.32:690][484]LogModuleManager: Shutting down and abandoning module PolygonModeling (332)
[2018.10.29-20.24.32:691][484]LogModuleManager: Shutting down and abandoning module MeshEditor (330)
[2018.10.29-20.24.32:691][484]LogModuleManager: Shutting down and abandoning module CryptoKeysOpenSSL (328)
[2018.10.29-20.24.32:692][484]LogModuleManager: Shutting down and abandoning module CryptoKeys (326)
[2018.10.29-20.24.32:692][484]LogModuleManager: Shutting down and abandoning module VisualStudioSourceCodeAccess (324)
[2018.10.29-20.24.32:692][484]LogModuleManager: Shutting down and abandoning module VisualStudioCodeSourceCodeAccess (322)
[2018.10.29-20.24.32:692][484]LogModuleManager: Shutting down and abandoning module UObjectPlugin (320)
[2018.10.29-20.24.32:693][484]LogModuleManager: Shutting down and abandoning module SubversionSourceControl (318)
[2018.10.29-20.24.32:694][484]LogModuleManager: Shutting down and abandoning module PerforceSourceControl (316)
[2018.10.29-20.24.32:696][484]LogModuleManager: Shutting down and abandoning module GitSourceControl (314)
[2018.10.29-20.24.32:697][484]LogModuleManager: Shutting down and abandoning module SourceControl (313)
[2018.10.29-20.24.32:697][484]LogModuleManager: Shutting down and abandoning module CLionSourceCodeAccess (310)
[2018.10.29-20.24.32:697][484]LogModuleManager: Shutting down and abandoning module LightPropagationVolumeEditor (308)
[2018.10.29-20.24.32:697][484]LogModuleManager: Shutting down and abandoning module PaperTiledImporter (306)
[2018.10.29-20.24.32:697][484]LogModuleManager: Shutting down and abandoning module PaperSpriteSheetImporter (304)
[2018.10.29-20.24.32:697][484]LogModuleManager: Shutting down and abandoning module Paper2DEditor (302)
[2018.10.29-20.24.32:699][484]LogModuleManager: Shutting down and abandoning module MeshPaint (301)
[2018.10.29-20.24.32:700][484]LogModuleManager: Shutting down and abandoning module RuntimePhysXCooking (298)
[2018.10.29-20.24.32:700][484]LogModuleManager: Shutting down and abandoning module PhysXVehiclesEditor (296)
[2018.10.29-20.24.32:700][484]LogModuleManager: Shutting down and abandoning module PhysXVehicles (294)
[2018.10.29-20.24.32:700][484]LogModuleManager: Shutting down and abandoning module OculusEditor (292)
[2018.10.29-20.24.32:700][484]LogModuleManager: Shutting down and abandoning module LocationServicesBPLibrary (290)
[2018.10.29-20.24.32:700][484]LogModuleManager: Shutting down and abandoning module ImmediatePhysicsEditor (288)
[2018.10.29-20.24.32:701][484]LogModuleManager: Shutting down and abandoning module ImmediatePhysics (286)
[2018.10.29-20.24.32:701][484]LogModuleManager: Shutting down and abandoning module ActorSequence (284)
[2018.10.29-20.24.32:701][484]LogModuleManager: Shutting down and abandoning module UdpMessaging (282)
[2018.10.29-20.24.32:802][484]LogModuleManager: Shutting down and abandoning module TcpMessaging (280)
[2018.10.29-20.24.32:904][484]LogModuleManager: Shutting down and abandoning module MagicLeapAudio (278)
[2018.10.29-20.24.32:904][484]LogModuleManager: Shutting down and abandoning module GameplayTagsEditor (276)
[2018.10.29-20.24.32:904][484]LogModuleManager: Shutting down and abandoning module FacialAnimationEditor (274)
[2018.10.29-20.24.32:905][484]LogModuleManager: Shutting down and abandoning module FacialAnimation (272)
[2018.10.29-20.24.32:905][484]LogModuleManager: Shutting down and abandoning module DataValidation (270)
[2018.10.29-20.24.32:905][484]LogModuleManager: Shutting down and abandoning module AssetManagerEditor (268)
[2018.10.29-20.24.32:907][484]LogModuleManager: Shutting down and abandoning module LevelEditor (267)
[2018.10.29-20.24.32:909][484]LogModuleManager: Shutting down and abandoning module PixelInspectorModule (266)
[2018.10.29-20.24.32:909][484]LogModuleManager: Shutting down and abandoning module CommonMenuExtensions (264)
[2018.10.29-20.24.32:910][484]LogModuleManager: Shutting down and abandoning module MainFrame (262)
[2018.10.29-20.24.32:910][484]LogModuleManager: Shutting down and abandoning module HotReload (261)
[2018.10.29-20.24.32:911][484]LogModuleManager: Shutting down and abandoning module ContentBrowser (257)
[2018.10.29-20.24.32:914][484]LogModuleManager: Shutting down and abandoning module TreeMap (255)
[2018.10.29-20.24.32:915][484]LogModuleManager: Shutting down and abandoning module LightPropagationVolumeRuntime (252)
[2018.10.29-20.24.32:915][484]LogModuleManager: Shutting down and abandoning module AISupportModule (250)
[2018.10.29-20.24.32:915][484]LogModuleManager: Shutting down and abandoning module Paper2D (248)
[2018.10.29-20.24.32:916][484]LogModuleManager: Shutting down and abandoning module WindowsMoviePlayer (246)
[2018.10.29-20.24.32:917][484]LogModuleManager: Shutting down and abandoning module WmfMedia (244)
[2018.10.29-20.24.32:922][484]LogModuleManager: Shutting down and abandoning module Media (243)
[2018.10.29-20.24.32:929][484]LogModuleManager: Shutting down and abandoning module PacketHandler (240)
[2018.10.29-20.24.32:929][484]LogModuleManager: Shutting down and abandoning module ClothingSystemEditor (238)
[2018.10.29-20.24.32:929][484]LogModuleManager: Shutting down and abandoning module ClothingSystemRuntime (236)
[2018.10.29-20.24.32:931][484]LogModuleManager: Shutting down and abandoning module MediaAssets (234)
[2018.10.29-20.24.32:931][484]LogModuleManager: Shutting down and abandoning module Overlay (232)
[2018.10.29-20.24.32:931][484]LogModuleManager: Shutting down and abandoning module OverlayEditor (231)
[2018.10.29-20.24.32:931][484]LogModuleManager: Shutting down and abandoning module VREditor (228)
[2018.10.29-20.24.32:932][484]LogModuleManager: Shutting down and abandoning module StringTableEditor (226)
[2018.10.29-20.24.32:932][484]LogModuleManager: Shutting down and abandoning module GameplayTasksEditor (224)
[2018.10.29-20.24.32:932][484]LogModuleManager: Shutting down and abandoning module BehaviorTreeEditor (222)
[2018.10.29-20.24.32:936][484]LogModuleManager: Shutting down and abandoning module FunctionalTesting (220)
[2018.10.29-20.24.32:937][484]LogModuleManager: Shutting down and abandoning module CollisionAnalyzer (218)
[2018.10.29-20.24.32:939][484]LogModuleManager: Shutting down and abandoning module WorkspaceMenuStructure (217)
[2018.10.29-20.24.32:939][484]LogModuleManager: Shutting down and abandoning module UMG (214)
[2018.10.29-20.24.32:940][484]LogModuleManager: Shutting down and abandoning module UMGEditor (213)
[2018.10.29-20.24.32:943][484]LogModuleManager: Shutting down and abandoning module Sequencer (212)
[2018.10.29-20.24.32:947][484]LogModuleManager: Shutting down and abandoning module MessageLog (209)
[2018.10.29-20.24.32:947][484]LogModuleManager: Shutting down and abandoning module SlateReflector (204)
[2018.10.29-20.24.32:950][484]LogModuleManager: Shutting down and abandoning module Slate (202)
[2018.10.29-20.24.32:950][484]LogModuleManager: Shutting down and abandoning module EditorStyle (200)
[2018.10.29-20.24.32:954][484]LogModuleManager: Shutting down and abandoning module MRMesh (198)
[2018.10.29-20.24.32:955][484]LogModuleManager: Shutting down and abandoning module SourceCodeAccess (196)
[2018.10.29-20.24.32:955][484]LogModuleManager: Shutting down and abandoning module HeadMountedDisplay (194)
[2018.10.29-20.24.32:955][484]LogModuleManager: Shutting down and abandoning module XAudio2 (192)
[2018.10.29-20.24.32:955][484]LogModuleManager: Shutting down and abandoning module Networking (190)
[2018.10.29-20.24.32:955][484]LogModuleManager: Shutting down and abandoning module Core (188)
[2018.10.29-20.24.32:955][484]LogModuleManager: Shutting down and abandoning module LevelSequence (186)
[2018.10.29-20.24.32:955][484]LogModuleManager: Shutting down and abandoning module KismetCompiler (184)
[2018.10.29-20.24.32:955][484]LogModuleManager: Shutting down and abandoning module MeshUtilities (182)
[2018.10.29-20.24.32:957][484]LogModuleManager: Shutting down and abandoning module MeshMergeUtilities (181)
[2018.10.29-20.24.32:957][484]LogModuleManager: Shutting down and abandoning module MeshReductionInterface (180)
[2018.10.29-20.24.32:957][484]LogModuleManager: Shutting down and abandoning module SimplygonSwarm (179)
[2018.10.29-20.24.32:958][484]LogModuleManager: Shutting down and abandoning module ProxyLODMeshReduction (177)
[2018.10.29-20.24.32:959][484]LogModuleManager: Shutting down and abandoning module SimplygonMeshReduction (175)
[2018.10.29-20.24.32:959][484]LogModuleManager: Shutting down and abandoning module QuadricMeshReduction (173)
[2018.10.29-20.24.32:960][484]LogModuleManager: Shutting down and abandoning module MaterialBaking (169)
[2018.10.29-20.24.32:961][484]LogModuleManager: Shutting down and abandoning module DirectoryWatcher (165)
[2018.10.29-20.24.32:961][484]LogModuleManager: Shutting down and abandoning module DerivedDataCache (162)
[2018.10.29-20.24.33:031][484]LogDerivedDataCache: Shutdown
[2018.10.29-20.24.33:031][484]LogModuleManager: Shutting down and abandoning module XGEController (160)
[2018.10.29-20.24.33:031][484]LogXGEController: Cleaning working directory: C:/Users/User/AppData/Local/Temp/UnrealXGEWorkingDir/
[2018.10.29-20.24.33:032][484]LogModuleManager: Shutting down and abandoning module TargetPlatform (158)
[2018.10.29-20.24.33:032][484]LogModuleManager: Shutting down and abandoning module VulkanShaderFormat (157)
[2018.10.29-20.24.33:033][484]LogModuleManager: Shutting down and abandoning module ShaderFormatVectorVM (155)
[2018.10.29-20.24.33:034][484]LogModuleManager: Shutting down and abandoning module ShaderFormatOpenGL (153)
[2018.10.29-20.24.33:035][484]LogModuleManager: Shutting down and abandoning module ShaderFormatD3D (151)
[2018.10.29-20.24.33:035][484]LogModuleManager: Shutting down and abandoning module MetalShaderFormat (149)
[2018.10.29-20.24.33:037][484]LogModuleManager: Shutting down and abandoning module TextureFormatUncompressed (147)
[2018.10.29-20.24.33:037][484]LogModuleManager: Shutting down and abandoning module TextureFormatPVR (145)
[2018.10.29-20.24.33:037][484]LogModuleManager: Shutting down and abandoning module TextureFormatDXT (143)
[2018.10.29-20.24.33:037][484]LogModuleManager: Shutting down and abandoning module TextureFormatIntelISPCTexComp (141)
[2018.10.29-20.24.33:037][484]LogModuleManager: Shutting down and abandoning module TextureFormatASTC (139)
[2018.10.29-20.24.33:037][484]LogModuleManager: Shutting down and abandoning module ImageWrapper (138)
[2018.10.29-20.24.33:037][484]LogModuleManager: Shutting down and abandoning module TextureFormatAndroid (135)
[2018.10.29-20.24.33:037][484]LogModuleManager: Shutting down and abandoning module AudioFormatOpus (133)
[2018.10.29-20.24.33:037][484]LogModuleManager: Shutting down and abandoning module AudioFormatOgg (131)
[2018.10.29-20.24.33:037][484]LogModuleManager: Shutting down and abandoning module AudioFormatADPCM (129)
[2018.10.29-20.24.33:038][484]LogModuleManager: Shutting down and abandoning module LuminTargetPlatform (127)
[2018.10.29-20.24.33:038][484]LogModuleManager: Shutting down and abandoning module LinuxTargetPlatform (125)
[2018.10.29-20.24.33:038][484]LogModuleManager: Shutting down and abandoning module LinuxServerTargetPlatform (123)
[2018.10.29-20.24.33:038][484]LogModuleManager: Shutting down and abandoning module LinuxNoEditorTargetPlatform (121)
[2018.10.29-20.24.33:038][484]LogModuleManager: Shutting down and abandoning module LinuxClientTargetPlatform (119)
[2018.10.29-20.24.33:039][484]LogModuleManager: Shutting down and abandoning module TVOSTargetPlatform (117)
[2018.10.29-20.24.33:041][484]LogModuleManager: Shutting down and abandoning module Messaging (115)
[2018.10.29-20.24.33:041][484]LogModuleManager: Shutting down and abandoning module IOSTargetPlatform (113)
[2018.10.29-20.24.33:043][484]LogModuleManager: Shutting down and abandoning module HTML5TargetPlatform (111)
[2018.10.29-20.24.33:043][484]LogModuleManager: Shutting down and abandoning module AndroidTargetPlatform (109)
[2018.10.29-20.24.33:052][484]LogModuleManager: Shutting down and abandoning module WindowsTargetPlatform (107)
[2018.10.29-20.24.33:052][484]LogModuleManager: Shutting down and abandoning module WindowsServerTargetPlatform (105)
[2018.10.29-20.24.33:052][484]LogModuleManager: Shutting down and abandoning module WindowsNoEditorTargetPlatform (103)
[2018.10.29-20.24.33:052][484]LogModuleManager: Shutting down and abandoning module WindowsClientTargetPlatform (101)
[2018.10.29-20.24.33:052][484]LogModuleManager: Shutting down and abandoning module MacTargetPlatform (99)
[2018.10.29-20.24.33:052][484]LogModuleManager: Shutting down and abandoning module MacServerTargetPlatform (97)
[2018.10.29-20.24.33:052][484]LogModuleManager: Shutting down and abandoning module MacNoEditorTargetPlatform (95)
[2018.10.29-20.24.33:052][484]LogModuleManager: Shutting down and abandoning module MacClientTargetPlatform (93)
[2018.10.29-20.24.33:052][484]LogModuleManager: Shutting down and abandoning module AllDesktopTargetPlatform (91)
[2018.10.29-20.24.33:052][484]LogModuleManager: Shutting down and abandoning module InputCore (88)
[2018.10.29-20.24.33:052][484]LogModuleManager: Shutting down and abandoning module Settings (86)
[2018.10.29-20.24.33:052][484]LogModuleManager: Shutting down and abandoning module PhysXCooking (84)
[2018.10.29-20.24.33:052][484]LogModuleManager: Shutting down and abandoning module SteamVR (82)
[2018.10.29-20.24.33:052][484]LogModuleManager: Shutting down and abandoning module OculusHMD (80)
[2018.10.29-20.24.33:053][484]LogModuleManager: Shutting down and abandoning module ExampleDeviceProfileSelector (78)
[2018.10.29-20.24.33:053][484]LogModuleManager: Shutting down and abandoning module LauncherChunkInstaller (76)
[2018.10.29-20.24.33:053][484]LogModuleManager: Shutting down and abandoning module OnlineBlueprintSupport (74)
[2018.10.29-20.24.33:053][484]LogModuleManager: Shutting down and abandoning module OnlineSubsystem (70)
[2018.10.29-20.24.33:053][484]LogModuleManager: Shutting down and abandoning module XMPP (65)
[2018.10.29-20.24.33:056][484]LogModuleManager: Shutting down and abandoning module WebSockets (64)
[2018.10.29-20.24.33:065][484]LogModuleManager: Shutting down and abandoning module HTTP (61)
[2018.10.29-20.24.33:065][484]LogHttp: Display: Http module shutting down, but needs to wait on 1 outstanding Http requests:
[2018.10.29-20.24.33:065][484]LogHttp: Display: 	verb=[POST] url=[https://datarouter.ol.epicgames.com/datarouter/api/v1/public/data?SessionID=%7B53E356C3-497F-D640-7D92-61B8E4876A75%7D&AppID=UEEditor.Rocket.Release&AppVersion=4.20.0-4212847%2B%2B%2BUE4%2BRelease-4.20&UserID=922934d2403f251a3ebb74b74ef1d4e6%7C4ff0422fdd8a4203a08a9162a59e4560%7C29289413-a27f-4396-a394-b78bf1860e19&AppEnvironment=datacollector-binary&UploadType=eteventstream] status=Processing
[2018.10.29-20.24.33:069][484]LogModuleManager: Shutting down and abandoning module SSL (60)
[2018.10.29-20.24.33:071][484]LogModuleManager: Shutting down and abandoning module MagicLeapEmulator (56)
[2018.10.29-20.24.33:071][484]LogModuleManager: Shutting down and abandoning module MagicLeapPrivileges (54)
[2018.10.29-20.24.33:071][484]LogModuleManager: Shutting down and abandoning module MagicLeapIdentity (52)
[2018.10.29-20.24.33:071][484]LogModuleManager: Shutting down and abandoning module MagicLeapHelperVulkan (50)
[2018.10.29-20.24.33:071][484]LogModuleManager: Shutting down and abandoning module MagicLeapHelperOpenGL (48)
[2018.10.29-20.24.33:071][484]LogModuleManager: Shutting down and abandoning module MagicLeapSecureStorage (46)
[2018.10.29-20.24.33:071][484]LogModuleManager: Shutting down and abandoning module MagicLeapGestures (44)
[2018.10.29-20.24.33:071][484]LogModuleManager: Shutting down and abandoning module MagicLeapEyeTracker (42)
[2018.10.29-20.24.33:071][484]LogModuleManager: Shutting down and abandoning module MagicLeapController (40)
[2018.10.29-20.24.33:071][484]LogSlate: Slate User Destroyed.  User Index 0, Is Virtual User: 0
[2018.10.29-20.24.33:071][484]LogModuleManager: Shutting down and abandoning module MagicLeap (38)
[2018.10.29-20.24.33:071][484]LogModuleManager: Shutting down and abandoning module AnimationModifiers (36)
[2018.10.29-20.24.33:074][484]LogModuleManager: Shutting down and abandoning module PropertyEditor (35)
[2018.10.29-20.24.33:074][484]LogModuleManager: Shutting down and abandoning module AudioEditor (32)
[2018.10.29-20.24.33:078][484]LogModuleManager: Shutting down and abandoning module TextureCompressor (30)
[2018.10.29-20.24.33:078][484]LogModuleManager: Shutting down and abandoning module ShaderCore (28)
[2018.10.29-20.24.33:078][484]LogModuleManager: Shutting down and abandoning module Landscape (26)
[2018.10.29-20.24.33:078][484]LogModuleManager: Shutting down and abandoning module SlateRHIRenderer (24)
[2018.10.29-20.24.33:079][484]LogModuleManager: Shutting down and abandoning module OpenGLDrv (22)
[2018.10.29-20.24.33:080][484]LogModuleManager: Shutting down and abandoning module D3D11RHI (20)
[2018.10.29-20.24.33:080][484]LogModuleManager: Shutting down and abandoning module AnimGraphRuntime (18)
[2018.10.29-20.24.33:080][484]LogModuleManager: Shutting down and abandoning module Renderer (16)
[2018.10.29-20.24.33:080][484]LogModuleManager: Shutting down and abandoning module Engine (14)
[2018.10.29-20.24.33:080][484]LogModuleManager: Shutting down and abandoning module CoreUObject (12)
[2018.10.29-20.24.33:080][484]LogModuleManager: Shutting down and abandoning module NetworkFile (10)
[2018.10.29-20.24.33:080][484]LogModuleManager: Shutting down and abandoning module CookedIterativeFile (8)
[2018.10.29-20.24.33:080][484]LogModuleManager: Shutting down and abandoning module StreamingFile (6)
[2018.10.29-20.24.33:080][484]LogModuleManager: Shutting down and abandoning module SandboxFile (4)
[2018.10.29-20.24.33:080][484]LogModuleManager: Shutting down and abandoning module PakFile (2)
[2018.10.29-20.24.33:087][484]LogExit: Exiting.
[2018.10.29-20.24.33:094][484]Log file closed, 10/29/18 13:24:33
